  [1m[36m (0.0ms)[0m  [1mselect sqlite_version(*)[0m
  [1m[35m (5.0ms)[0m  CREATE TABLE "schema_migrations" ("version" varchar(255) NOT NULL) 
  [1m[36m (0.0ms)[0m  [1mPRAGMA index_list("schema_migrations")[0m
  [1m[35m (5.0ms)[0m  CREATE UNIQUE INDEX "unique_schema_migrations" ON "schema_migrations" ("version")
  [1m[36m (0.0ms)[0m  [1mSELECT "schema_migrations"."version" FROM "schema_migrations" [0m
Migrating to CreateGamezs (20120402052515)
  [1m[35m (1.0ms)[0m  CREATE TABLE "gamezs" ("id" INTEGER PRIMARY KEY AUTOINCREMENT NOT NULL, "title" varchar(255), "rating" varchar(255), "date_added" varchar(255), "created_at" datetime, "updated_at" datetime) 
  [1m[36m (1.0ms)[0m  [1mINSERT INTO "schema_migrations" ("version") VALUES ('20120402052515')[0m
  [1m[35m (0.0ms)[0m  select sqlite_version(*)
  [1m[36m (1.0ms)[0m  [1mSELECT "schema_migrations"."version" FROM "schema_migrations" [0m
  [1m[35m (0.0ms)[0m  PRAGMA index_list("gamezs")


Started GET "/gamezs" for 127.0.0.1 at 2012-04-01 23:31:52 -0600
  Processing by GamezsController#index as HTML
  [1m[36mGamez Load (1.0ms)[0m  [1mSELECT "gamezs".* FROM "gamezs" [0m
Rendered gamezs/index.html.erb within layouts/application (144.0ms)
Compiled application.css  (3ms)  (pid 5080)
Compiled gamezs.css  (19ms)  (pid 5080)
Compiled scaffolds.css  (49ms)  (pid 5080)
Compiled application.js  (65ms)  (pid 5080)
Compiled jquery.js  (72ms)  (pid 5080)
Compiled jquery_ujs.js  (10ms)  (pid 5080)
Compiled gamezs.js  (21197ms)  (pid 5080)
Completed 200 OK in 22593ms (Views: 22591.3ms | ActiveRecord: 1.0ms)


Started GET "/assets/application.css?body=1" for 127.0.0.1 at 2012-04-01 23:32:31 -0600
Served asset /application.css - 200 OK (1ms)


Started GET "/assets/gamezs.css?body=1" for 127.0.0.1 at 2012-04-01 23:32:31 -0600
Served asset /gamezs.css - 200 OK (11ms)


Started GET "/assets/scaffolds.css?body=1" for 127.0.0.1 at 2012-04-01 23:32:31 -0600
Served asset /scaffolds.css - 200 OK (10ms)


Started GET "/assets/jquery_ujs.js?body=1" for 127.0.0.1 at 2012-04-01 23:32:31 -0600
Served asset /jquery_ujs.js - 200 OK (39ms)


Started GET "/assets/application.js?body=1" for 127.0.0.1 at 2012-04-01 23:32:31 -0600
Served asset /application.js - 200 OK (1ms)


Started GET "/assets/gamezs.js?body=1" for 127.0.0.1 at 2012-04-01 23:32:31 -0600
Served asset /gamezs.js - 200 OK (6ms)


Started GET "/assets/jquery.js?body=1" for 127.0.0.1 at 2012-04-01 23:32:31 -0600
Served asset /jquery.js - 200 OK (12ms)


Started GET "/gamezs/new" for 127.0.0.1 at 2012-04-01 23:33:08 -0600
  Processing by GamezsController#new as HTML
Rendered gamezs/_form.html.erb (36.0ms)
Rendered gamezs/new.html.erb within layouts/application (202.0ms)
Completed 200 OK in 230ms (Views: 228.0ms | ActiveRecord: 0.0ms)


Started GET "/assets/scaffolds.css?body=1" for 127.0.0.1 at 2012-04-01 23:33:09 -0600
Served asset /scaffolds.css - 304 Not Modified (0ms)


Started GET "/assets/gamezs.css?body=1" for 127.0.0.1 at 2012-04-01 23:33:09 -0600
Served asset /gamezs.css - 304 Not Modified (1ms)


Started GET "/assets/application.js?body=1" for 127.0.0.1 at 2012-04-01 23:33:09 -0600
Served asset /application.js - 304 Not Modified (0ms)


Started GET "/assets/application.css?body=1" for 127.0.0.1 at 2012-04-01 23:33:09 -0600
Served asset /application.css - 304 Not Modified (1ms)


Started GET "/assets/jquery_ujs.js?body=1" for 127.0.0.1 at 2012-04-01 23:33:09 -0600
Served asset /jquery_ujs.js - 304 Not Modified (0ms)


Started GET "/assets/jquery.js?body=1" for 127.0.0.1 at 2012-04-01 23:33:09 -0600
Served asset /jquery.js - 304 Not Modified (1ms)


Started GET "/assets/gamezs.js?body=1" for 127.0.0.1 at 2012-04-01 23:33:09 -0600
Served asset /gamezs.js - 304 Not Modified (0ms)


Started POST "/gamezs" for 127.0.0.1 at 2012-04-01 23:33:45 -0600
  Processing by GamezsController#create as HTML
  Parameters: {"utf8"=>"✓", "authenticity_token"=>"PXilsKbAuYbZNcKRuI2KqAr3aOVcc5fxrTLVyljA17o=", "gamez"=>{"title"=>"Its Me Not You", "rating"=>"Horrible", "date_added"=>"4/1/2012 Mykal Cuin"}, "commit"=>"Create Gamez"}
  [1m[35mSQL (303.0ms)[0m  INSERT INTO "gamezs" ("created_at", "date_added", "rating", "title", "updated_at") VALUES (?, ?, ?, ?, ?)  [["created_at", Mon, 02 Apr 2012 05:33:45 UTC +00:00], ["date_added", "4/1/2012 Mykal Cuin"], ["rating", "Horrible"], ["title", "Its Me Not You"], ["updated_at", Mon, 02 Apr 2012 05:33:45 UTC +00:00]]
Redirected to http://localhost:3000/gamezs/1
Completed 302 Found in 317ms


Started GET "/gamezs/1" for 127.0.0.1 at 2012-04-01 23:33:46 -0600
  Processing by GamezsController#show as HTML
  Parameters: {"id"=>"1"}
  [1m[36mGamez Load (0.0ms)[0m  [1mSELECT "gamezs".* FROM "gamezs" WHERE "gamezs"."id" = ? LIMIT 1[0m  [["id", "1"]]
Rendered gamezs/show.html.erb within layouts/application (9.0ms)
Completed 200 OK in 43ms (Views: 37.0ms | ActiveRecord: 2.0ms)


Started GET "/assets/application.css?body=1" for 127.0.0.1 at 2012-04-01 23:33:46 -0600
Served asset /application.css - 304 Not Modified (0ms)


Started GET "/assets/jquery.js?body=1" for 127.0.0.1 at 2012-04-01 23:33:46 -0600
Served asset /jquery.js - 304 Not Modified (0ms)


Started GET "/assets/scaffolds.css?body=1" for 127.0.0.1 at 2012-04-01 23:33:46 -0600
Served asset /scaffolds.css - 304 Not Modified (0ms)


Started GET "/assets/jquery_ujs.js?body=1" for 127.0.0.1 at 2012-04-01 23:33:46 -0600
Served asset /jquery_ujs.js - 304 Not Modified (0ms)


Started GET "/assets/gamezs.css?body=1" for 127.0.0.1 at 2012-04-01 23:33:46 -0600
Served asset /gamezs.css - 304 Not Modified (0ms)


Started GET "/assets/gamezs.js?body=1" for 127.0.0.1 at 2012-04-01 23:33:46 -0600
Served asset /gamezs.js - 304 Not Modified (1ms)


Started GET "/assets/application.js?body=1" for 127.0.0.1 at 2012-04-01 23:33:46 -0600
Served asset /application.js - 304 Not Modified (0ms)


Started GET "/gamezs" for 127.0.0.1 at 2012-04-01 23:33:49 -0600
  Processing by GamezsController#index as HTML
  [1m[35mGamez Load (0.0ms)[0m  SELECT "gamezs".* FROM "gamezs" 
Rendered gamezs/index.html.erb within layouts/application (9.0ms)
Completed 200 OK in 46ms (Views: 44.0ms | ActiveRecord: 0.0ms)


Started GET "/assets/application.js?body=1" for 127.0.0.1 at 2012-04-01 23:33:49 -0600
Served asset /application.js - 304 Not Modified (2ms)


Started GET "/assets/jquery_ujs.js?body=1" for 127.0.0.1 at 2012-04-01 23:33:49 -0600
Served asset /jquery_ujs.js - 304 Not Modified (0ms)


Started GET "/assets/jquery.js?body=1" for 127.0.0.1 at 2012-04-01 23:33:49 -0600
Served asset /jquery.js - 304 Not Modified (0ms)


Started GET "/assets/scaffolds.css?body=1" for 127.0.0.1 at 2012-04-01 23:33:49 -0600
Served asset /scaffolds.css - 304 Not Modified (0ms)


Started GET "/assets/application.css?body=1" for 127.0.0.1 at 2012-04-01 23:33:49 -0600
Served asset /application.css - 304 Not Modified (1ms)


Started GET "/assets/gamezs.css?body=1" for 127.0.0.1 at 2012-04-01 23:33:49 -0600
Served asset /gamezs.css - 304 Not Modified (0ms)


Started GET "/assets/gamezs.js?body=1" for 127.0.0.1 at 2012-04-01 23:33:49 -0600
Served asset /gamezs.js - 304 Not Modified (0ms)
  [1m[36m (0.0ms)[0m  [1mSELECT "schema_migrations"."version" FROM "schema_migrations" [0m
Migrating to CreateGamezs (20120402052515)
Migrating to CreateUsers (20120402053620)
  [1m[35m (0.0ms)[0m  select sqlite_version(*)
  [1m[36m (4.0ms)[0m  [1mCREATE TABLE "users" ("id" INTEGER PRIMARY KEY AUTOINCREMENT NOT NULL, "name" varchar(255), "password_digest" varchar(255), "created_at" datetime, "updated_at" datetime) [0m
  [1m[35m (0.0ms)[0m  INSERT INTO "schema_migrations" ("version") VALUES ('20120402053620')
  [1m[36m (0.0ms)[0m  [1mselect sqlite_version(*)[0m
  [1m[35m (0.0ms)[0m  SELECT "schema_migrations"."version" FROM "schema_migrations" 
  [1m[36m (0.0ms)[0m  [1mPRAGMA index_list("gamezs")[0m
  [1m[35m (0.0ms)[0m  PRAGMA index_list("users")


Started GET "/users/new" for 127.0.0.1 at 2012-04-11 08:39:26 -0600

ActionController::RoutingError (undefined method `validates' for ActiveRecord:Module):
  app/models/user.rb:1:in `<top (required)>'
  app/controllers/users_controller.rb:1:in `<top (required)>'

Rendered c:/RailsInstaller/Ruby1.9.2/lib/ruby/gems/1.9.1/gems/actionpack-3.1.1/lib/action_dispatch/middleware/templates/rescues/routing_error.erb within rescues/layout (144.0ms)


Started GET "/users/new" for 127.0.0.1 at 2012-04-11 08:40:16 -0600

Gem::LoadError (bcrypt-ruby is not part of the bundle. Add it to Gemfile.):
  app/models/user.rb:3:in `<class:User>'
  app/models/user.rb:1:in `<top (required)>'
  app/controllers/users_controller.rb:1:in `<top (required)>'

Rendered c:/RailsInstaller/Ruby1.9.2/lib/ruby/gems/1.9.1/gems/actionpack-3.1.1/lib/action_dispatch/middleware/templates/rescues/_trace.erb (1.0ms)
Rendered c:/RailsInstaller/Ruby1.9.2/lib/ruby/gems/1.9.1/gems/actionpack-3.1.1/lib/action_dispatch/middleware/templates/rescues/_request_and_response.erb (109.0ms)
Rendered c:/RailsInstaller/Ruby1.9.2/lib/ruby/gems/1.9.1/gems/actionpack-3.1.1/lib/action_dispatch/middleware/templates/rescues/diagnostics.erb within rescues/layout (159.0ms)


Started GET "/users/new" for 127.0.0.1 at 2012-04-11 08:40:50 -0600

Gem::LoadError (bcrypt-ruby is not part of the bundle. Add it to Gemfile.):
  app/models/user.rb:3:in `<class:User>'
  app/models/user.rb:1:in `<top (required)>'
  app/controllers/users_controller.rb:1:in `<top (required)>'

Rendered c:/RailsInstaller/Ruby1.9.2/lib/ruby/gems/1.9.1/gems/actionpack-3.1.1/lib/action_dispatch/middleware/templates/rescues/_trace.erb (1.0ms)
Rendered c:/RailsInstaller/Ruby1.9.2/lib/ruby/gems/1.9.1/gems/actionpack-3.1.1/lib/action_dispatch/middleware/templates/rescues/_request_and_response.erb (1.0ms)
Rendered c:/RailsInstaller/Ruby1.9.2/lib/ruby/gems/1.9.1/gems/actionpack-3.1.1/lib/action_dispatch/middleware/templates/rescues/diagnostics.erb within rescues/layout (16.0ms)


Started GET "/users/new" for 127.0.0.1 at 2012-04-11 08:40:57 -0600

Gem::LoadError (bcrypt-ruby is not part of the bundle. Add it to Gemfile.):
  app/models/user.rb:3:in `<class:User>'
  app/models/user.rb:1:in `<top (required)>'
  app/controllers/users_controller.rb:1:in `<top (required)>'

Rendered c:/RailsInstaller/Ruby1.9.2/lib/ruby/gems/1.9.1/gems/actionpack-3.1.1/lib/action_dispatch/middleware/templates/rescues/_trace.erb (1.0ms)
Rendered c:/RailsInstaller/Ruby1.9.2/lib/ruby/gems/1.9.1/gems/actionpack-3.1.1/lib/action_dispatch/middleware/templates/rescues/_request_and_response.erb (1.0ms)
Rendered c:/RailsInstaller/Ruby1.9.2/lib/ruby/gems/1.9.1/gems/actionpack-3.1.1/lib/action_dispatch/middleware/templates/rescues/diagnostics.erb within rescues/layout (15.0ms)


Started GET "/users/new" for 127.0.0.1 at 2012-04-11 08:40:58 -0600

Gem::LoadError (bcrypt-ruby is not part of the bundle. Add it to Gemfile.):
  app/models/user.rb:3:in `<class:User>'
  app/models/user.rb:1:in `<top (required)>'
  app/controllers/users_controller.rb:1:in `<top (required)>'

Rendered c:/RailsInstaller/Ruby1.9.2/lib/ruby/gems/1.9.1/gems/actionpack-3.1.1/lib/action_dispatch/middleware/templates/rescues/_trace.erb (2.0ms)
Rendered c:/RailsInstaller/Ruby1.9.2/lib/ruby/gems/1.9.1/gems/actionpack-3.1.1/lib/action_dispatch/middleware/templates/rescues/_request_and_response.erb (1.0ms)
Rendered c:/RailsInstaller/Ruby1.9.2/lib/ruby/gems/1.9.1/gems/actionpack-3.1.1/lib/action_dispatch/middleware/templates/rescues/diagnostics.erb within rescues/layout (18.0ms)


Started GET "/users/new" for 127.0.0.1 at 2012-04-11 08:44:38 -0600
  Processing by UsersController#new as HTML
Rendered users/_form.html.erb (11.0ms)
Rendered users/new.html.erb within layouts/application (302.0ms)
Compiled application.css  (8ms)  (pid 1456)
Compiled admin.css  (7ms)  (pid 1456)
Compiled sessions.css  (7ms)  (pid 1456)
Compiled users.css  (20ms)  (pid 1456)
Compiled application.js  (17ms)  (pid 1456)
Compiled admin.js  (20998ms)  (pid 1456)
Compiled sessions.js  (352ms)  (pid 1456)
Compiled users.js  (411ms)  (pid 1456)
Completed 200 OK in 23639ms (Views: 23639.4ms | ActiveRecord: 0.0ms)


Started GET "/assets/sessions.css?body=1" for 127.0.0.1 at 2012-04-11 08:45:18 -0600
Served asset /sessions.css - 200 OK (6ms)


Started GET "/assets/admin.css?body=1" for 127.0.0.1 at 2012-04-11 08:45:18 -0600
Served asset /admin.css - 200 OK (11ms)


Started GET "/assets/application.css?body=1" for 127.0.0.1 at 2012-04-11 08:45:18 -0600
Served asset /application.css - 200 OK (1ms)


Started GET "/assets/jquery.js?body=1" for 127.0.0.1 at 2012-04-11 08:45:18 -0600
Served asset /jquery.js - 200 OK (10ms)


Started GET "/assets/jquery_ujs.js?body=1" for 127.0.0.1 at 2012-04-11 08:45:18 -0600
Served asset /jquery_ujs.js - 200 OK (21ms)


Started GET "/assets/users.css?body=1" for 127.0.0.1 at 2012-04-11 08:45:18 -0600
Served asset /users.css - 200 OK (7ms)


Started GET "/assets/gamezs.css?body=1" for 127.0.0.1 at 2012-04-11 08:45:18 -0600
Served asset /gamezs.css - 200 OK (4ms)


Started GET "/assets/scaffolds.css?body=1" for 127.0.0.1 at 2012-04-11 08:45:18 -0600
Served asset /scaffolds.css - 200 OK (6ms)


Started GET "/assets/admin.js?body=1" for 127.0.0.1 at 2012-04-11 08:45:18 -0600
Served asset /admin.js - 200 OK (6ms)


Started GET "/assets/gamezs.js?body=1" for 127.0.0.1 at 2012-04-11 08:45:19 -0600
Served asset /gamezs.js - 200 OK (6ms)


Started GET "/assets/sessions.js?body=1" for 127.0.0.1 at 2012-04-11 08:45:19 -0600
Served asset /sessions.js - 200 OK (3ms)


Started GET "/assets/users.js?body=1" for 127.0.0.1 at 2012-04-11 08:45:19 -0600
Served asset /users.js - 200 OK (4ms)


Started GET "/assets/application.js?body=1" for 127.0.0.1 at 2012-04-11 08:45:19 -0600
Served asset /application.js - 200 OK (2ms)


Started POST "/users" for 127.0.0.1 at 2012-04-11 08:45:43 -0600
  Processing by UsersController#create as HTML
  Parameters: {"utf8"=>"✓", "authenticity_token"=>"JABxdzzht1n4SzHgn4VarpJ5oxITSKUvgXl71WV70QI=", "user"=>{"name"=>"Mykal", "password"=>"[FILTERED]", "password_confirmation"=>"[FILTERED]"}, "commit"=>"Create User"}
  [1m[36m (0.0ms)[0m  [1mSELECT 1 FROM "users" WHERE "users"."name" = 'Mykal' LIMIT 1[0m
Binary data inserted for `string` type on column `password_digest`
  [1m[35mSQL (89.0ms)[0m  INSERT INTO "users" ("created_at", "name", "password_digest", "updated_at") VALUES (?, ?, ?, ?)  [["created_at", Wed, 11 Apr 2012 14:45:44 UTC +00:00], ["name", "Mykal"], ["password_digest", "$2a$10$snep16HuOwrU.7zgaMjO.OFtS/1eN/3KRVugE7nalgK4TQsjnvsv2"], ["updated_at", Wed, 11 Apr 2012 14:45:44 UTC +00:00]]
Redirected to http://localhost:3000/users
Completed 302 Found in 1204ms


Started GET "/users" for 127.0.0.1 at 2012-04-11 08:45:44 -0600
  Processing by UsersController#index as HTML
  [1m[36mUser Load (1.0ms)[0m  [1mSELECT "users".* FROM "users" ORDER BY name[0m
Rendered users/index.html.erb within layouts/application (36.0ms)
Completed 200 OK in 107ms (Views: 104.0ms | ActiveRecord: 2.0ms)


Started GET "/assets/application.css?body=1" for 127.0.0.1 at 2012-04-11 08:45:44 -0600
Served asset /application.css - 304 Not Modified (3ms)


Started GET "/assets/sessions.css?body=1" for 127.0.0.1 at 2012-04-11 08:45:44 -0600
Served asset /sessions.css - 304 Not Modified (0ms)


Started GET "/assets/admin.css?body=1" for 127.0.0.1 at 2012-04-11 08:45:45 -0600
Served asset /admin.css - 304 Not Modified (0ms)


Started GET "/assets/scaffolds.css?body=1" for 127.0.0.1 at 2012-04-11 08:45:45 -0600
Served asset /scaffolds.css - 304 Not Modified (0ms)


Started GET "/assets/users.css?body=1" for 127.0.0.1 at 2012-04-11 08:45:45 -0600
Served asset /users.css - 304 Not Modified (1ms)


Started GET "/assets/gamezs.css?body=1" for 127.0.0.1 at 2012-04-11 08:45:45 -0600
Served asset /gamezs.css - 304 Not Modified (0ms)


Started GET "/assets/jquery_ujs.js?body=1" for 127.0.0.1 at 2012-04-11 08:45:45 -0600
Served asset /jquery_ujs.js - 304 Not Modified (0ms)


Started GET "/assets/jquery.js?body=1" for 127.0.0.1 at 2012-04-11 08:45:45 -0600
Served asset /jquery.js - 304 Not Modified (0ms)


Started GET "/assets/admin.js?body=1" for 127.0.0.1 at 2012-04-11 08:45:45 -0600
Served asset /admin.js - 304 Not Modified (0ms)


Started GET "/assets/gamezs.js?body=1" for 127.0.0.1 at 2012-04-11 08:45:45 -0600
Served asset /gamezs.js - 304 Not Modified (1ms)


Started GET "/assets/sessions.js?body=1" for 127.0.0.1 at 2012-04-11 08:45:45 -0600
Served asset /sessions.js - 304 Not Modified (1ms)


Started GET "/assets/users.js?body=1" for 127.0.0.1 at 2012-04-11 08:45:45 -0600
Served asset /users.js - 304 Not Modified (0ms)


Started GET "/assets/application.js?body=1" for 127.0.0.1 at 2012-04-11 08:45:45 -0600
Served asset /application.js - 304 Not Modified (2ms)


Started GET "/users/new" for 127.0.0.1 at 2012-04-12 21:28:55 -0600
  Processing by UsersController#new as HTML
  [1m[36mUser Load (0.0ms)[0m  [1mSELECT "users".* FROM "users" WHERE "users"."id" IS NULL LIMIT 1[0m
Redirected to http://localhost:3000/login
Completed 302 Found in 265ms


Started GET "/login" for 127.0.0.1 at 2012-04-12 21:29:16 -0600
  Processing by SessionsController#new as HTML
Rendered sessions/new.html.erb within layouts/application (202.0ms)
Completed 200 OK in 1133ms (Views: 1132.1ms | ActiveRecord: 0.0ms)


Started GET "/assets/application.css?body=1" for 127.0.0.1 at 2012-04-12 21:29:17 -0600
Served asset /application.css - 200 OK (2ms)


Started GET "/assets/sessions.css?body=1" for 127.0.0.1 at 2012-04-12 21:29:17 -0600
Served asset /sessions.css - 200 OK (8ms)


Started GET "/assets/gamezs.css?body=1" for 127.0.0.1 at 2012-04-12 21:29:17 -0600
Served asset /gamezs.css - 200 OK (6ms)


Started GET "/assets/admin.js?body=1" for 127.0.0.1 at 2012-04-12 21:29:17 -0600
Served asset /admin.js - 200 OK (9ms)


Started GET "/assets/scaffolds.css?body=1" for 127.0.0.1 at 2012-04-12 21:29:17 -0600
Served asset /scaffolds.css - 200 OK (7ms)


Started GET "/assets/admin.css?body=1" for 127.0.0.1 at 2012-04-12 21:29:17 -0600
Served asset /admin.css - 200 OK (6ms)


Started GET "/assets/jquery.js?body=1" for 127.0.0.1 at 2012-04-12 21:29:17 -0600
Served asset /jquery.js - 200 OK (11ms)


Started GET "/assets/users.css?body=1" for 127.0.0.1 at 2012-04-12 21:29:17 -0600
Served asset /users.css - 200 OK (8ms)


Started GET "/assets/jquery_ujs.js?body=1" for 127.0.0.1 at 2012-04-12 21:29:17 -0600
Served asset /jquery_ujs.js - 200 OK (10ms)


Started GET "/assets/gamezs.js?body=1" for 127.0.0.1 at 2012-04-12 21:29:17 -0600
Served asset /gamezs.js - 200 OK (18ms)


Started GET "/assets/sessions.js?body=1" for 127.0.0.1 at 2012-04-12 21:29:17 -0600
Served asset /sessions.js - 200 OK (6ms)


Started GET "/assets/users.js?body=1" for 127.0.0.1 at 2012-04-12 21:29:17 -0600
Served asset /users.js - 200 OK (8ms)


Started GET "/assets/application.js?body=1" for 127.0.0.1 at 2012-04-12 21:29:17 -0600
Served asset /application.js - 200 OK (2ms)


Started GET "/users" for 127.0.0.1 at 2012-04-12 21:29:31 -0600
  Processing by UsersController#index as HTML
  [1m[35mUser Load (0.0ms)[0m  SELECT "users".* FROM "users" WHERE "users"."id" IS NULL LIMIT 1
Redirected to http://localhost:3000/login
Completed 302 Found in 3ms


Started GET "/login" for 127.0.0.1 at 2012-04-12 21:29:31 -0600
  Processing by SessionsController#new as HTML
Rendered sessions/new.html.erb within layouts/application (2.0ms)
Completed 200 OK in 36ms (Views: 36.0ms | ActiveRecord: 0.0ms)


Started GET "/assets/gamezs.css?body=1" for 127.0.0.1 at 2012-04-12 21:29:31 -0600
Served asset /gamezs.css - 304 Not Modified (0ms)


Started GET "/assets/admin.css?body=1" for 127.0.0.1 at 2012-04-12 21:29:31 -0600
Served asset /admin.css - 304 Not Modified (1ms)


Started GET "/assets/scaffolds.css?body=1" for 127.0.0.1 at 2012-04-12 21:29:32 -0600
Served asset /scaffolds.css - 304 Not Modified (0ms)


Started GET "/assets/users.css?body=1" for 127.0.0.1 at 2012-04-12 21:29:32 -0600
Served asset /users.css - 304 Not Modified (0ms)


Started GET "/assets/application.css?body=1" for 127.0.0.1 at 2012-04-12 21:29:32 -0600
Served asset /application.css - 304 Not Modified (2ms)


Started GET "/assets/jquery_ujs.js?body=1" for 127.0.0.1 at 2012-04-12 21:29:32 -0600
Served asset /jquery_ujs.js - 304 Not Modified (0ms)


Started GET "/assets/sessions.css?body=1" for 127.0.0.1 at 2012-04-12 21:29:32 -0600
Served asset /sessions.css - 304 Not Modified (0ms)


Started GET "/assets/jquery.js?body=1" for 127.0.0.1 at 2012-04-12 21:29:32 -0600
Served asset /jquery.js - 304 Not Modified (0ms)


Started GET "/assets/admin.js?body=1" for 127.0.0.1 at 2012-04-12 21:29:32 -0600
Served asset /admin.js - 304 Not Modified (1ms)


Started GET "/assets/gamezs.js?body=1" for 127.0.0.1 at 2012-04-12 21:29:32 -0600
Served asset /gamezs.js - 304 Not Modified (0ms)


Started GET "/assets/sessions.js?body=1" for 127.0.0.1 at 2012-04-12 21:29:32 -0600
Served asset /sessions.js - 304 Not Modified (0ms)


Started GET "/assets/users.js?body=1" for 127.0.0.1 at 2012-04-12 21:29:32 -0600
Served asset /users.js - 304 Not Modified (1ms)


Started GET "/assets/application.js?body=1" for 127.0.0.1 at 2012-04-12 21:29:32 -0600
Served asset /application.js - 304 Not Modified (4ms)


Started GET "/gamezs" for 127.0.0.1 at 2012-04-12 21:29:46 -0600
  Processing by GamezsController#index as HTML
  [1m[36mGamez Load (1.0ms)[0m  [1mSELECT "gamezs".* FROM "gamezs" [0m
Rendered gamezs/index.html.erb within layouts/application (11.0ms)
Completed 200 OK in 46ms (Views: 44.0ms | ActiveRecord: 2.0ms)


Started GET "/assets/users.css?body=1" for 127.0.0.1 at 2012-04-12 21:29:46 -0600
Served asset /users.css - 304 Not Modified (0ms)


Started GET "/assets/scaffolds.css?body=1" for 127.0.0.1 at 2012-04-12 21:29:46 -0600
Served asset /scaffolds.css - 304 Not Modified (1ms)


Started GET "/assets/sessions.css?body=1" for 127.0.0.1 at 2012-04-12 21:29:46 -0600
Served asset /sessions.css - 304 Not Modified (0ms)


Started GET "/assets/admin.css?body=1" for 127.0.0.1 at 2012-04-12 21:29:46 -0600
Served asset /admin.css - 304 Not Modified (1ms)


Started GET "/assets/gamezs.css?body=1" for 127.0.0.1 at 2012-04-12 21:29:46 -0600
Served asset /gamezs.css - 304 Not Modified (0ms)


Started GET "/assets/jquery.js?body=1" for 127.0.0.1 at 2012-04-12 21:29:46 -0600
Served asset /jquery.js - 304 Not Modified (0ms)


Started GET "/assets/application.css?body=1" for 127.0.0.1 at 2012-04-12 21:29:46 -0600
Served asset /application.css - 304 Not Modified (1ms)


Started GET "/assets/jquery_ujs.js?body=1" for 127.0.0.1 at 2012-04-12 21:29:46 -0600
Served asset /jquery_ujs.js - 304 Not Modified (0ms)


Started GET "/assets/admin.js?body=1" for 127.0.0.1 at 2012-04-12 21:29:46 -0600
Served asset /admin.js - 304 Not Modified (0ms)


Started GET "/assets/gamezs.js?body=1" for 127.0.0.1 at 2012-04-12 21:29:46 -0600
Served asset /gamezs.js - 304 Not Modified (0ms)


Started GET "/assets/sessions.js?body=1" for 127.0.0.1 at 2012-04-12 21:29:46 -0600
Served asset /sessions.js - 304 Not Modified (0ms)


Started GET "/assets/users.js?body=1" for 127.0.0.1 at 2012-04-12 21:29:46 -0600
Served asset /users.js - 304 Not Modified (0ms)


Started GET "/assets/application.js?body=1" for 127.0.0.1 at 2012-04-12 21:29:46 -0600
Served asset /application.js - 304 Not Modified (3ms)
  [1m[36m (0.0ms)[0m  [1mSELECT "schema_migrations"."version" FROM "schema_migrations" [0m
Migrating to CreateGamezs (20120402052515)
Migrating to CreateUsers (20120402053620)
  [1m[35m (0.0ms)[0m  select sqlite_version(*)
  [1m[36m (0.0ms)[0m  [1mSELECT "schema_migrations"."version" FROM "schema_migrations" [0m
  [1m[35m (0.0ms)[0m  PRAGMA index_list("gamezs")
  [1m[36m (0.0ms)[0m  [1mPRAGMA index_list("users")[0m
  [1m[36m (0.0ms)[0m  [1mSELECT "schema_migrations"."version" FROM "schema_migrations" [0m
  [1m[35m (1.0ms)[0m  select sqlite_version(*)
  [1m[36m (8.0ms)[0m  [1mCREATE TABLE "gamezs" ("id" INTEGER PRIMARY KEY AUTOINCREMENT NOT NULL, "title" varchar(255), "rating" varchar(255), "date_added" varchar(255), "created_at" datetime, "updated_at" datetime) [0m
  [1m[35m (7.0ms)[0m  CREATE TABLE "users" ("id" INTEGER PRIMARY KEY AUTOINCREMENT NOT NULL, "name" varchar(255), "password_digest" varchar(255), "created_at" datetime, "updated_at" datetime) 
  [1m[36m (7.0ms)[0m  [1mCREATE TABLE "schema_migrations" ("version" varchar(255) NOT NULL) [0m
  [1m[35m (0.0ms)[0m  PRAGMA index_list("schema_migrations")
  [1m[36m (6.0ms)[0m  [1mCREATE UNIQUE INDEX "unique_schema_migrations" ON "schema_migrations" ("version")[0m
  [1m[35m (1.0ms)[0m  SELECT version FROM "schema_migrations"
  [1m[36m (6.0ms)[0m  [1mINSERT INTO "schema_migrations" (version) VALUES ('20120402053620')[0m
  [1m[35m (7.0ms)[0m  INSERT INTO "schema_migrations" (version) VALUES ('20120402052515')
  [1m[36m (0.0ms)[0m  [1mSELECT "schema_migrations"."version" FROM "schema_migrations" [0m
  [1m[35m (0.0ms)[0m  select sqlite_version(*)
  [1m[36m (8.0ms)[0m  [1mCREATE TABLE "gamezs" ("id" INTEGER PRIMARY KEY AUTOINCREMENT NOT NULL, "title" varchar(255), "rating" varchar(255), "date_added" varchar(255), "created_at" datetime, "updated_at" datetime) [0m
  [1m[35m (9.0ms)[0m  CREATE TABLE "users" ("id" INTEGER PRIMARY KEY AUTOINCREMENT NOT NULL, "name" varchar(255), "password_digest" varchar(255), "created_at" datetime, "updated_at" datetime) 
  [1m[36m (6.0ms)[0m  [1mCREATE TABLE "schema_migrations" ("version" varchar(255) NOT NULL) [0m
  [1m[35m (0.0ms)[0m  PRAGMA index_list("schema_migrations")
  [1m[36m (21.0ms)[0m  [1mCREATE UNIQUE INDEX "unique_schema_migrations" ON "schema_migrations" ("version")[0m
  [1m[35m (3.0ms)[0m  SELECT version FROM "schema_migrations"
  [1m[36m (6.0ms)[0m  [1mINSERT INTO "schema_migrations" (version) VALUES ('20120402053620')[0m
  [1m[35m (8.0ms)[0m  INSERT INTO "schema_migrations" (version) VALUES ('20120402052515')
  [1m[36m (0.0ms)[0m  [1mSELECT "schema_migrations"."version" FROM "schema_migrations" [0m
  [1m[35m (0.0ms)[0m  select sqlite_version(*)
  [1m[36m (8.0ms)[0m  [1mCREATE TABLE "gamezs" ("id" INTEGER PRIMARY KEY AUTOINCREMENT NOT NULL, "title" varchar(255), "rating" varchar(255), "date_added" varchar(255), "created_at" datetime, "updated_at" datetime) [0m
  [1m[35m (6.0ms)[0m  CREATE TABLE "users" ("id" INTEGER PRIMARY KEY AUTOINCREMENT NOT NULL, "name" varchar(255), "password_digest" varchar(255), "created_at" datetime, "updated_at" datetime) 
  [1m[36m (6.0ms)[0m  [1mCREATE TABLE "schema_migrations" ("version" varchar(255) NOT NULL) [0m
  [1m[35m (0.0ms)[0m  PRAGMA index_list("schema_migrations")
  [1m[36m (6.0ms)[0m  [1mCREATE UNIQUE INDEX "unique_schema_migrations" ON "schema_migrations" ("version")[0m
  [1m[35m (0.0ms)[0m  SELECT version FROM "schema_migrations"
  [1m[36m (10.0ms)[0m  [1mINSERT INTO "schema_migrations" (version) VALUES ('20120402053620')[0m
  [1m[35m (7.0ms)[0m  INSERT INTO "schema_migrations" (version) VALUES ('20120402052515')
  [1m[36m (0.0ms)[0m  [1mSELECT "schema_migrations"."version" FROM "schema_migrations" [0m
  [1m[35m (1.0ms)[0m  select sqlite_version(*)
  [1m[36m (8.0ms)[0m  [1mCREATE TABLE "gamezs" ("id" INTEGER PRIMARY KEY AUTOINCREMENT NOT NULL, "title" varchar(255), "rating" varchar(255), "date_added" varchar(255), "created_at" datetime, "updated_at" datetime) [0m
  [1m[35m (7.0ms)[0m  CREATE TABLE "users" ("id" INTEGER PRIMARY KEY AUTOINCREMENT NOT NULL, "name" varchar(255), "password_digest" varchar(255), "created_at" datetime, "updated_at" datetime) 
  [1m[36m (8.0ms)[0m  [1mCREATE TABLE "schema_migrations" ("version" varchar(255) NOT NULL) [0m
  [1m[35m (0.0ms)[0m  PRAGMA index_list("schema_migrations")
  [1m[36m (16.0ms)[0m  [1mCREATE UNIQUE INDEX "unique_schema_migrations" ON "schema_migrations" ("version")[0m
  [1m[35m (1.0ms)[0m  SELECT version FROM "schema_migrations"
  [1m[36m (9.0ms)[0m  [1mINSERT INTO "schema_migrations" (version) VALUES ('20120402053620')[0m
  [1m[35m (8.0ms)[0m  INSERT INTO "schema_migrations" (version) VALUES ('20120402052515')
  [1m[36m (1.0ms)[0m  [1mSELECT "schema_migrations"."version" FROM "schema_migrations" [0m
  [1m[35m (0.0ms)[0m  select sqlite_version(*)
  [1m[36m (7.0ms)[0m  [1mCREATE TABLE "gamezs" ("id" INTEGER PRIMARY KEY AUTOINCREMENT NOT NULL, "title" varchar(255), "rating" varchar(255), "date_added" varchar(255), "created_at" datetime, "updated_at" datetime) [0m
  [1m[35m (10.0ms)[0m  CREATE TABLE "users" ("id" INTEGER PRIMARY KEY AUTOINCREMENT NOT NULL, "name" varchar(255), "password_digest" varchar(255), "created_at" datetime, "updated_at" datetime) 
  [1m[36m (9.0ms)[0m  [1mCREATE TABLE "schema_migrations" ("version" varchar(255) NOT NULL) [0m
  [1m[35m (0.0ms)[0m  PRAGMA index_list("schema_migrations")
  [1m[36m (7.0ms)[0m  [1mCREATE UNIQUE INDEX "unique_schema_migrations" ON "schema_migrations" ("version")[0m
  [1m[35m (0.0ms)[0m  SELECT version FROM "schema_migrations"
  [1m[36m (11.0ms)[0m  [1mINSERT INTO "schema_migrations" (version) VALUES ('20120402053620')[0m
  [1m[35m (8.0ms)[0m  INSERT INTO "schema_migrations" (version) VALUES ('20120402052515')
  [1m[36m (0.0ms)[0m  [1mSELECT "schema_migrations"."version" FROM "schema_migrations" [0m
  [1m[35m (1.0ms)[0m  select sqlite_version(*)
  [1m[36m (11.0ms)[0m  [1mCREATE TABLE "gamezs" ("id" INTEGER PRIMARY KEY AUTOINCREMENT NOT NULL, "title" varchar(255), "rating" varchar(255), "date_added" varchar(255), "created_at" datetime, "updated_at" datetime) [0m
  [1m[35m (7.0ms)[0m  CREATE TABLE "users" ("id" INTEGER PRIMARY KEY AUTOINCREMENT NOT NULL, "name" varchar(255), "password_digest" varchar(255), "created_at" datetime, "updated_at" datetime) 
  [1m[36m (6.0ms)[0m  [1mCREATE TABLE "schema_migrations" ("version" varchar(255) NOT NULL) [0m
  [1m[35m (1.0ms)[0m  PRAGMA index_list("schema_migrations")
  [1m[36m (13.0ms)[0m  [1mCREATE UNIQUE INDEX "unique_schema_migrations" ON "schema_migrations" ("version")[0m
  [1m[35m (0.0ms)[0m  SELECT version FROM "schema_migrations"
  [1m[36m (7.0ms)[0m  [1mINSERT INTO "schema_migrations" (version) VALUES ('20120402053620')[0m
  [1m[35m (7.0ms)[0m  INSERT INTO "schema_migrations" (version) VALUES ('20120402052515')
  [1m[36m (0.0ms)[0m  [1mSELECT "schema_migrations"."version" FROM "schema_migrations" [0m
  [1m[35m (0.0ms)[0m  select sqlite_version(*)
  [1m[36m (39.0ms)[0m  [1mCREATE TABLE "gamezs" ("id" INTEGER PRIMARY KEY AUTOINCREMENT NOT NULL, "title" varchar(255), "rating" varchar(255), "date_added" varchar(255), "created_at" datetime, "updated_at" datetime) [0m
  [1m[35m (65.0ms)[0m  CREATE TABLE "users" ("id" INTEGER PRIMARY KEY AUTOINCREMENT NOT NULL, "name" varchar(255), "password_digest" varchar(255), "created_at" datetime, "updated_at" datetime) 
  [1m[36m (7.0ms)[0m  [1mCREATE TABLE "schema_migrations" ("version" varchar(255) NOT NULL) [0m
  [1m[35m (0.0ms)[0m  PRAGMA index_list("schema_migrations")
  [1m[36m (18.0ms)[0m  [1mCREATE UNIQUE INDEX "unique_schema_migrations" ON "schema_migrations" ("version")[0m
  [1m[35m (0.0ms)[0m  SELECT version FROM "schema_migrations"
  [1m[36m (8.0ms)[0m  [1mINSERT INTO "schema_migrations" (version) VALUES ('20120402053620')[0m
  [1m[35m (529.0ms)[0m  INSERT INTO "schema_migrations" (version) VALUES ('20120402052515')
