

Started GET "/products" for 127.0.0.1 at 2012-01-29 13:06:27 -0700
  Processing by ProductsController#index as HTML
Completed 500 Internal Server Error in 1ms

ActiveRecord::StatementInvalid (Could not find table 'products'):
  app/controllers/products_controller.rb:5:in `index'

Rendered c:/RailsInstaller/Ruby1.9.2/lib/ruby/gems/1.9.1/gems/actionpack-3.1.1/lib/action_dispatch/middleware/templates/rescues/_trace.erb (2.0ms)
Rendered c:/RailsInstaller/Ruby1.9.2/lib/ruby/gems/1.9.1/gems/actionpack-3.1.1/lib/action_dispatch/middleware/templates/rescues/_request_and_response.erb (1.0ms)
Rendered c:/RailsInstaller/Ruby1.9.2/lib/ruby/gems/1.9.1/gems/actionpack-3.1.1/lib/action_dispatch/middleware/templates/rescues/diagnostics.erb within rescues/layout (97.0ms)
  [1m[36m (0.0ms)[0m  [1mselect sqlite_version(*)[0m
  [1m[35m (4.0ms)[0m  CREATE TABLE "schema_migrations" ("version" varchar(255) NOT NULL) 
  [1m[36m (0.0ms)[0m  [1mPRAGMA index_list("schema_migrations")[0m
  [1m[35m (4.0ms)[0m  CREATE UNIQUE INDEX "unique_schema_migrations" ON "schema_migrations" ("version")
  [1m[36m (0.0ms)[0m  [1mSELECT "schema_migrations"."version" FROM "schema_migrations" [0m
Migrating to CreateProducts (20120129200234)
  [1m[36m (1.0ms)[0m  [1mSELECT "schema_migrations"."version" FROM "schema_migrations" [0m
Migrating to CreateProducts (20120129200234)
  [1m[35m (0.0ms)[0m  select sqlite_version(*)
  [1m[36m (0.0ms)[0m  [1mSELECT "schema_migrations"."version" FROM "schema_migrations" [0m
Migrating to CreateProducts (20120129200234)
  [1m[35m (0.0ms)[0m  select sqlite_version(*)
  [1m[36m (1.0ms)[0m  [1mCREATE TABLE "products" ("id" INTEGER PRIMARY KEY AUTOINCREMENT NOT NULL, "title" varchar(255), "description" text, "image_url" varchar(255), "price" decimal(8,2), "created_at" datetime, "updated_at" datetime) [0m
  [1m[35m (0.0ms)[0m  INSERT INTO "schema_migrations" ("version") VALUES ('20120129200234')
  [1m[36m (0.0ms)[0m  [1mselect sqlite_version(*)[0m
  [1m[35m (0.0ms)[0m  SELECT "schema_migrations"."version" FROM "schema_migrations" 
  [1m[36m (0.0ms)[0m  [1mPRAGMA index_list("products")[0m


Started GET "/products" for 127.0.0.1 at 2012-01-31 22:06:07 -0700
  Processing by ProductsController#index as HTML
  [1m[36mProduct Load (1.0ms)[0m  [1mSELECT "products".* FROM "products" [0m
Rendered products/index.html.erb within layouts/application (102.0ms)
Compiled application.css  (4ms)  (pid 6640)
Compiled products.css  (10ms)  (pid 6640)
Compiled scaffolds.css  (29ms)  (pid 6640)
Compiled application.js  (11ms)  (pid 6640)
Compiled jquery.js  (58ms)  (pid 6640)
Compiled jquery_ujs.js  (39ms)  (pid 6640)
Compiled products.js  (692ms)  (pid 6640)
Completed 200 OK in 1547ms (Views: 1546.1ms | ActiveRecord: 1.0ms)


Started GET "/assets/application.css?body=1" for 127.0.0.1 at 2012-01-31 22:06:21 -0700
Served asset /application.css - 200 OK (0ms)


Started GET "/assets/jquery.js?body=1" for 127.0.0.1 at 2012-01-31 22:06:21 -0700
Served asset /jquery.js - 200 OK (9ms)


Started GET "/assets/products.css?body=1" for 127.0.0.1 at 2012-01-31 22:06:21 -0700
Served asset /products.css - 200 OK (14ms)


Started GET "/assets/products.js?body=1" for 127.0.0.1 at 2012-01-31 22:06:21 -0700
Served asset /products.js - 200 OK (6ms)


Started GET "/assets/scaffolds.css?body=1" for 127.0.0.1 at 2012-01-31 22:06:21 -0700
Served asset /scaffolds.css - 200 OK (8ms)


Started GET "/assets/jquery_ujs.js?body=1" for 127.0.0.1 at 2012-01-31 22:06:21 -0700
Served asset /jquery_ujs.js - 200 OK (5ms)


Started GET "/assets/application.js?body=1" for 127.0.0.1 at 2012-01-31 22:06:21 -0700
Served asset /application.js - 200 OK (0ms)


Started GET "/products/new" for 127.0.0.1 at 2012-01-31 22:06:33 -0700
  Processing by ProductsController#new as HTML
ERROR: compiling _app_views_products__form_html_erb___23444815_34211400 RAISED c:/Users/Mykal/Documents/cs446/src/depot/app/views/products/_form.html.erb:15: syntax error, unexpected ':'
...tput_buffer.append= ( f.label : title );@output_buffer.safe_...
...                               ^
c:/Users/Mykal/Documents/cs446/src/depot/app/views/products/_form.html.erb:16: syntax error, unexpected ':'
...buffer.append= ( f.text_field : title );@output_buffer.safe_...
...                               ^
Function body:           def _app_views_products__form_html_erb___23444815_34211400(local_assigns, output_buffer)
            _old_virtual_path, @virtual_path = @virtual_path, "products/_form";_old_output_buffer = @output_buffer;form = local_assigns[:form];;@output_buffer = output_buffer || ActionView::OutputBuffer.new;@output_buffer.append=  form_for(@product) do |f| @output_buffer.safe_concat('
');   if @product.errors.any? 
@output_buffer.safe_concat('    <div id="error_explanation">
      <h2>');@output_buffer.append= ( pluralize(@product.errors.count, "error") );@output_buffer.safe_concat(' prohibited this product from being saved:</h2>

      <ul>
');       @product.errors.full_messages.each do |msg| 
@output_buffer.safe_concat('        <li>');@output_buffer.append= ( msg );@output_buffer.safe_concat('</li>
');       end 
@output_buffer.safe_concat('      </ul>
    </div>
');   end 
@output_buffer.safe_concat('
  <div class="field">
    ');@output_buffer.append= ( f.label : title );@output_buffer.safe_concat('<br />
    ');@output_buffer.append= ( f.text_field : title );@output_buffer.safe_concat('
');@output_buffer.safe_concat('  </div>
  <div class="field">
    ');@output_buffer.append= ( f.label :description );@output_buffer.safe_concat('<br />
    ');@output_buffer.append= ( f.text_area :description );@output_buffer.safe_concat('
');@output_buffer.safe_concat('  </div>
  <div class="field">
    ');@output_buffer.append= ( f.label :image_url );@output_buffer.safe_concat('<br />
    ');@output_buffer.append= ( f.text_field :image_url );@output_buffer.safe_concat('
');@output_buffer.safe_concat('  </div>
  <div class="field">
    ');@output_buffer.append= ( f.label :price );@output_buffer.safe_concat('<br />
    ');@output_buffer.append= ( f.text_field :price );@output_buffer.safe_concat('
');@output_buffer.safe_concat('  </div>
  <div class="actions">
    ');@output_buffer.append= ( f.submit );@output_buffer.safe_concat('
');@output_buffer.safe_concat('  </div>
'); end 
@output_buffer.to_s
          ensure
            @virtual_path, @output_buffer = _old_virtual_path, _old_output_buffer
          end
Backtrace: c:/RailsInstaller/Ruby1.9.2/lib/ruby/gems/1.9.1/gems/actionpack-3.1.1/lib/action_view/template.rb:282:in `module_eval'
c:/RailsInstaller/Ruby1.9.2/lib/ruby/gems/1.9.1/gems/actionpack-3.1.1/lib/action_view/template.rb:282:in `compile'
c:/RailsInstaller/Ruby1.9.2/lib/ruby/gems/1.9.1/gems/actionpack-3.1.1/lib/action_view/template.rb:190:in `compile!'
c:/RailsInstaller/Ruby1.9.2/lib/ruby/gems/1.9.1/gems/actionpack-3.1.1/lib/action_view/template.rb:143:in `block in render'
c:/RailsInstaller/Ruby1.9.2/lib/ruby/gems/1.9.1/gems/activesupport-3.1.1/lib/active_support/notifications.rb:55:in `instrument'
c:/RailsInstaller/Ruby1.9.2/lib/ruby/gems/1.9.1/gems/actionpack-3.1.1/lib/action_view/template.rb:142:in `render'
c:/RailsInstaller/Ruby1.9.2/lib/ruby/gems/1.9.1/gems/actionpack-3.1.1/lib/action_view/renderer/partial_renderer.rb:256:in `render_partial'
c:/RailsInstaller/Ruby1.9.2/lib/ruby/gems/1.9.1/gems/actionpack-3.1.1/lib/action_view/renderer/partial_renderer.rb:228:in `block (2 levels) in render'
c:/RailsInstaller/Ruby1.9.2/lib/ruby/gems/1.9.1/gems/actionpack-3.1.1/lib/action_view/renderer/abstract_renderer.rb:33:in `block in instrument'
c:/RailsInstaller/Ruby1.9.2/lib/ruby/gems/1.9.1/gems/activesupport-3.1.1/lib/active_support/notifications.rb:53:in `block in instrument'
c:/RailsInstaller/Ruby1.9.2/lib/ruby/gems/1.9.1/gems/activesupport-3.1.1/lib/active_support/notifications/instrumenter.rb:21:in `instrument'
c:/RailsInstaller/Ruby1.9.2/lib/ruby/gems/1.9.1/gems/activesupport-3.1.1/lib/active_support/notifications.rb:53:in `instrument'
c:/RailsInstaller/Ruby1.9.2/lib/ruby/gems/1.9.1/gems/actionpack-3.1.1/lib/action_view/renderer/abstract_renderer.rb:33:in `instrument'
c:/RailsInstaller/Ruby1.9.2/lib/ruby/gems/1.9.1/gems/actionpack-3.1.1/lib/action_view/renderer/partial_renderer.rb:227:in `block in render'
c:/RailsInstaller/Ruby1.9.2/lib/ruby/gems/1.9.1/gems/actionpack-3.1.1/lib/action_view/renderer/abstract_renderer.rb:22:in `wrap_formats'
c:/RailsInstaller/Ruby1.9.2/lib/ruby/gems/1.9.1/gems/actionpack-3.1.1/lib/action_view/renderer/partial_renderer.rb:219:in `render'
c:/RailsInstaller/Ruby1.9.2/lib/ruby/gems/1.9.1/gems/actionpack-3.1.1/lib/action_view/renderer/renderer.rb:41:in `render_partial'
c:/RailsInstaller/Ruby1.9.2/lib/ruby/gems/1.9.1/gems/actionpack-3.1.1/lib/action_view/helpers/rendering_helper.rb:27:in `render'
c:/Users/Mykal/Documents/cs446/src/depot/app/views/products/new.html.erb:3:in `_app_views_products_new_html_erb__151170739_34903464'
c:/RailsInstaller/Ruby1.9.2/lib/ruby/gems/1.9.1/gems/actionpack-3.1.1/lib/action_view/template.rb:144:in `block in render'
c:/RailsInstaller/Ruby1.9.2/lib/ruby/gems/1.9.1/gems/activesupport-3.1.1/lib/active_support/notifications.rb:55:in `instrument'
c:/RailsInstaller/Ruby1.9.2/lib/ruby/gems/1.9.1/gems/actionpack-3.1.1/lib/action_view/template.rb:142:in `render'
c:/RailsInstaller/Ruby1.9.2/lib/ruby/gems/1.9.1/gems/actionpack-3.1.1/lib/action_view/renderer/template_renderer.rb:40:in `block (2 levels) in render_template'
c:/RailsInstaller/Ruby1.9.2/lib/ruby/gems/1.9.1/gems/actionpack-3.1.1/lib/action_view/renderer/abstract_renderer.rb:33:in `block in instrument'
c:/RailsInstaller/Ruby1.9.2/lib/ruby/gems/1.9.1/gems/activesupport-3.1.1/lib/active_support/notifications.rb:53:in `block in instrument'
c:/RailsInstaller/Ruby1.9.2/lib/ruby/gems/1.9.1/gems/activesupport-3.1.1/lib/active_support/notifications/instrumenter.rb:21:in `instrument'
c:/RailsInstaller/Ruby1.9.2/lib/ruby/gems/1.9.1/gems/activesupport-3.1.1/lib/active_support/notifications.rb:53:in `instrument'
c:/RailsInstaller/Ruby1.9.2/lib/ruby/gems/1.9.1/gems/actionpack-3.1.1/lib/action_view/renderer/abstract_renderer.rb:33:in `instrument'
c:/RailsInstaller/Ruby1.9.2/lib/ruby/gems/1.9.1/gems/actionpack-3.1.1/lib/action_view/renderer/template_renderer.rb:39:in `block in render_template'
c:/RailsInstaller/Ruby1.9.2/lib/ruby/gems/1.9.1/gems/actionpack-3.1.1/lib/action_view/renderer/template_renderer.rb:47:in `render_with_layout'
c:/RailsInstaller/Ruby1.9.2/lib/ruby/gems/1.9.1/gems/actionpack-3.1.1/lib/action_view/renderer/template_renderer.rb:38:in `render_template'
c:/RailsInstaller/Ruby1.9.2/lib/ruby/gems/1.9.1/gems/actionpack-3.1.1/lib/action_view/renderer/template_renderer.rb:12:in `block in render'
c:/RailsInstaller/Ruby1.9.2/lib/ruby/gems/1.9.1/gems/actionpack-3.1.1/lib/action_view/renderer/abstract_renderer.rb:22:in `wrap_formats'
c:/RailsInstaller/Ruby1.9.2/lib/ruby/gems/1.9.1/gems/actionpack-3.1.1/lib/action_view/renderer/template_renderer.rb:9:in `render'
c:/RailsInstaller/Ruby1.9.2/lib/ruby/gems/1.9.1/gems/actionpack-3.1.1/lib/action_view/renderer/renderer.rb:36:in `render_template'
c:/RailsInstaller/Ruby1.9.2/lib/ruby/gems/1.9.1/gems/actionpack-3.1.1/lib/action_view/renderer/renderer.rb:17:in `render'
c:/RailsInstaller/Ruby1.9.2/lib/ruby/gems/1.9.1/gems/actionpack-3.1.1/lib/abstract_controller/rendering.rb:120:in `_render_template'
c:/RailsInstaller/Ruby1.9.2/lib/ruby/gems/1.9.1/gems/actionpack-3.1.1/lib/action_controller/metal/streaming.rb:250:in `_render_template'
c:/RailsInstaller/Ruby1.9.2/lib/ruby/gems/1.9.1/gems/actionpack-3.1.1/lib/abstract_controller/rendering.rb:114:in `render_to_body'
c:/RailsInstaller/Ruby1.9.2/lib/ruby/gems/1.9.1/gems/actionpack-3.1.1/lib/action_controller/metal/renderers.rb:30:in `render_to_body'
c:/RailsInstaller/Ruby1.9.2/lib/ruby/gems/1.9.1/gems/actionpack-3.1.1/lib/action_controller/metal/compatibility.rb:43:in `render_to_body'
c:/RailsInstaller/Ruby1.9.2/lib/ruby/gems/1.9.1/gems/actionpack-3.1.1/lib/abstract_controller/rendering.rb:99:in `render'
c:/RailsInstaller/Ruby1.9.2/lib/ruby/gems/1.9.1/gems/actionpack-3.1.1/lib/action_controller/metal/rendering.rb:16:in `render'
c:/RailsInstaller/Ruby1.9.2/lib/ruby/gems/1.9.1/gems/actionpack-3.1.1/lib/action_controller/metal/instrumentation.rb:40:in `block (2 levels) in render'
c:/RailsInstaller/Ruby1.9.2/lib/ruby/gems/1.9.1/gems/activesupport-3.1.1/lib/active_support/core_ext/benchmark.rb:5:in `block in ms'
c:/RailsInstaller/Ruby1.9.2/lib/ruby/1.9.1/benchmark.rb:310:in `realtime'
c:/RailsInstaller/Ruby1.9.2/lib/ruby/gems/1.9.1/gems/activesupport-3.1.1/lib/active_support/core_ext/benchmark.rb:5:in `ms'
c:/RailsInstaller/Ruby1.9.2/lib/ruby/gems/1.9.1/gems/actionpack-3.1.1/lib/action_controller/metal/instrumentation.rb:40:in `block in render'
c:/RailsInstaller/Ruby1.9.2/lib/ruby/gems/1.9.1/gems/actionpack-3.1.1/lib/action_controller/metal/instrumentation.rb:78:in `cleanup_view_runtime'
c:/RailsInstaller/Ruby1.9.2/lib/ruby/gems/1.9.1/gems/activerecord-3.1.1/lib/active_record/railties/controller_runtime.rb:24:in `cleanup_view_runtime'
c:/RailsInstaller/Ruby1.9.2/lib/ruby/gems/1.9.1/gems/actionpack-3.1.1/lib/action_controller/metal/instrumentation.rb:39:in `render'
c:/RailsInstaller/Ruby1.9.2/lib/ruby/gems/1.9.1/gems/actionpack-3.1.1/lib/action_controller/metal/implicit_render.rb:10:in `default_render'
c:/RailsInstaller/Ruby1.9.2/lib/ruby/gems/1.9.1/gems/actionpack-3.1.1/lib/action_controller/metal/mime_responds.rb:268:in `block in retrieve_response_from_mimes'
c:/RailsInstaller/Ruby1.9.2/lib/ruby/gems/1.9.1/gems/actionpack-3.1.1/lib/action_controller/metal/mime_responds.rb:195:in `call'
c:/RailsInstaller/Ruby1.9.2/lib/ruby/gems/1.9.1/gems/actionpack-3.1.1/lib/action_controller/metal/mime_responds.rb:195:in `respond_to'
c:/Users/Mykal/Documents/cs446/src/depot/app/controllers/products_controller.rb:29:in `new'
c:/RailsInstaller/Ruby1.9.2/lib/ruby/gems/1.9.1/gems/actionpack-3.1.1/lib/action_controller/metal/implicit_render.rb:4:in `send_action'
c:/RailsInstaller/Ruby1.9.2/lib/ruby/gems/1.9.1/gems/actionpack-3.1.1/lib/abstract_controller/base.rb:167:in `process_action'
c:/RailsInstaller/Ruby1.9.2/lib/ruby/gems/1.9.1/gems/actionpack-3.1.1/lib/action_controller/metal/rendering.rb:10:in `process_action'
c:/RailsInstaller/Ruby1.9.2/lib/ruby/gems/1.9.1/gems/actionpack-3.1.1/lib/abstract_controller/callbacks.rb:18:in `block in process_action'
c:/RailsInstaller/Ruby1.9.2/lib/ruby/gems/1.9.1/gems/activesupport-3.1.1/lib/active_support/callbacks.rb:416:in `_run__37298580__process_action__277626057__callbacks'
c:/RailsInstaller/Ruby1.9.2/lib/ruby/gems/1.9.1/gems/activesupport-3.1.1/lib/active_support/callbacks.rb:386:in `_run_process_action_callbacks'
c:/RailsInstaller/Ruby1.9.2/lib/ruby/gems/1.9.1/gems/activesupport-3.1.1/lib/active_support/callbacks.rb:81:in `run_callbacks'
c:/RailsInstaller/Ruby1.9.2/lib/ruby/gems/1.9.1/gems/actionpack-3.1.1/lib/abstract_controller/callbacks.rb:17:in `process_action'
c:/RailsInstaller/Ruby1.9.2/lib/ruby/gems/1.9.1/gems/actionpack-3.1.1/lib/action_controller/metal/rescue.rb:17:in `process_action'
c:/RailsInstaller/Ruby1.9.2/lib/ruby/gems/1.9.1/gems/actionpack-3.1.1/lib/action_controller/metal/instrumentation.rb:30:in `block in process_action'
c:/RailsInstaller/Ruby1.9.2/lib/ruby/gems/1.9.1/gems/activesupport-3.1.1/lib/active_support/notifications.rb:53:in `block in instrument'
c:/RailsInstaller/Ruby1.9.2/lib/ruby/gems/1.9.1/gems/activesupport-3.1.1/lib/active_support/notifications/instrumenter.rb:21:in `instrument'
c:/RailsInstaller/Ruby1.9.2/lib/ruby/gems/1.9.1/gems/activesupport-3.1.1/lib/active_support/notifications.rb:53:in `instrument'
c:/RailsInstaller/Ruby1.9.2/lib/ruby/gems/1.9.1/gems/actionpack-3.1.1/lib/action_controller/metal/instrumentation.rb:29:in `process_action'
c:/RailsInstaller/Ruby1.9.2/lib/ruby/gems/1.9.1/gems/actionpack-3.1.1/lib/action_controller/metal/params_wrapper.rb:201:in `process_action'
c:/RailsInstaller/Ruby1.9.2/lib/ruby/gems/1.9.1/gems/activerecord-3.1.1/lib/active_record/railties/controller_runtime.rb:18:in `process_action'
c:/RailsInstaller/Ruby1.9.2/lib/ruby/gems/1.9.1/gems/actionpack-3.1.1/lib/abstract_controller/base.rb:121:in `process'
c:/RailsInstaller/Ruby1.9.2/lib/ruby/gems/1.9.1/gems/actionpack-3.1.1/lib/abstract_controller/rendering.rb:45:in `process'
c:/RailsInstaller/Ruby1.9.2/lib/ruby/gems/1.9.1/gems/actionpack-3.1.1/lib/action_controller/metal.rb:193:in `dispatch'
c:/RailsInstaller/Ruby1.9.2/lib/ruby/gems/1.9.1/gems/actionpack-3.1.1/lib/action_controller/metal/rack_delegation.rb:14:in `dispatch'
c:/RailsInstaller/Ruby1.9.2/lib/ruby/gems/1.9.1/gems/actionpack-3.1.1/lib/action_controller/metal.rb:236:in `block in action'
c:/RailsInstaller/Ruby1.9.2/lib/ruby/gems/1.9.1/gems/actionpack-3.1.1/lib/action_dispatch/routing/route_set.rb:65:in `call'
c:/RailsInstaller/Ruby1.9.2/lib/ruby/gems/1.9.1/gems/actionpack-3.1.1/lib/action_dispatch/routing/route_set.rb:65:in `dispatch'
c:/RailsInstaller/Ruby1.9.2/lib/ruby/gems/1.9.1/gems/actionpack-3.1.1/lib/action_dispatch/routing/route_set.rb:29:in `call'
c:/RailsInstaller/Ruby1.9.2/lib/ruby/gems/1.9.1/gems/rack-mount-0.8.3/lib/rack/mount/route_set.rb:152:in `block in call'
c:/RailsInstaller/Ruby1.9.2/lib/ruby/gems/1.9.1/gems/rack-mount-0.8.3/lib/rack/mount/code_generation.rb:96:in `block in recognize'
c:/RailsInstaller/Ruby1.9.2/lib/ruby/gems/1.9.1/gems/rack-mount-0.8.3/lib/rack/mount/code_generation.rb:82:in `optimized_each'
c:/RailsInstaller/Ruby1.9.2/lib/ruby/gems/1.9.1/gems/rack-mount-0.8.3/lib/rack/mount/code_generation.rb:95:in `recognize'
c:/RailsInstaller/Ruby1.9.2/lib/ruby/gems/1.9.1/gems/rack-mount-0.8.3/lib/rack/mount/route_set.rb:141:in `call'
c:/RailsInstaller/Ruby1.9.2/lib/ruby/gems/1.9.1/gems/actionpack-3.1.1/lib/action_dispatch/routing/route_set.rb:532:in `call'
c:/RailsInstaller/Ruby1.9.2/lib/ruby/gems/1.9.1/gems/actionpack-3.1.1/lib/action_dispatch/middleware/best_standards_support.rb:17:in `call'
c:/RailsInstaller/Ruby1.9.2/lib/ruby/gems/1.9.1/gems/rack-1.3.6/lib/rack/etag.rb:23:in `call'
c:/RailsInstaller/Ruby1.9.2/lib/ruby/gems/1.9.1/gems/rack-1.3.6/lib/rack/conditionalget.rb:25:in `call'
c:/RailsInstaller/Ruby1.9.2/lib/ruby/gems/1.9.1/gems/actionpack-3.1.1/lib/action_dispatch/middleware/head.rb:14:in `call'
c:/RailsInstaller/Ruby1.9.2/lib/ruby/gems/1.9.1/gems/actionpack-3.1.1/lib/action_dispatch/middleware/params_parser.rb:21:in `call'
c:/RailsInstaller/Ruby1.9.2/lib/ruby/gems/1.9.1/gems/actionpack-3.1.1/lib/action_dispatch/middleware/flash.rb:243:in `call'
c:/RailsInstaller/Ruby1.9.2/lib/ruby/gems/1.9.1/gems/rack-1.3.6/lib/rack/session/abstract/id.rb:195:in `context'
c:/RailsInstaller/Ruby1.9.2/lib/ruby/gems/1.9.1/gems/rack-1.3.6/lib/rack/session/abstract/id.rb:190:in `call'
c:/RailsInstaller/Ruby1.9.2/lib/ruby/gems/1.9.1/gems/actionpack-3.1.1/lib/action_dispatch/middleware/cookies.rb:331:in `call'
c:/RailsInstaller/Ruby1.9.2/lib/ruby/gems/1.9.1/gems/activerecord-3.1.1/lib/active_record/query_cache.rb:62:in `call'
c:/RailsInstaller/Ruby1.9.2/lib/ruby/gems/1.9.1/gems/activerecord-3.1.1/lib/active_record/connection_adapters/abstract/connection_pool.rb:477:in `call'
c:/RailsInstaller/Ruby1.9.2/lib/ruby/gems/1.9.1/gems/actionpack-3.1.1/lib/action_dispatch/middleware/callbacks.rb:29:in `block in call'
c:/RailsInstaller/Ruby1.9.2/lib/ruby/gems/1.9.1/gems/activesupport-3.1.1/lib/active_support/callbacks.rb:392:in `_run_call_callbacks'
c:/RailsInstaller/Ruby1.9.2/lib/ruby/gems/1.9.1/gems/activesupport-3.1.1/lib/active_support/callbacks.rb:81:in `run_callbacks'
c:/RailsInstaller/Ruby1.9.2/lib/ruby/gems/1.9.1/gems/actionpack-3.1.1/lib/action_dispatch/middleware/callbacks.rb:28:in `call'
c:/RailsInstaller/Ruby1.9.2/lib/ruby/gems/1.9.1/gems/actionpack-3.1.1/lib/action_dispatch/middleware/reloader.rb:68:in `call'
c:/RailsInstaller/Ruby1.9.2/lib/ruby/gems/1.9.1/gems/rack-1.3.6/lib/rack/sendfile.rb:101:in `call'
c:/RailsInstaller/Ruby1.9.2/lib/ruby/gems/1.9.1/gems/actionpack-3.1.1/lib/action_dispatch/middleware/remote_ip.rb:48:in `call'
c:/RailsInstaller/Ruby1.9.2/lib/ruby/gems/1.9.1/gems/actionpack-3.1.1/lib/action_dispatch/middleware/show_exceptions.rb:47:in `call'
c:/RailsInstaller/Ruby1.9.2/lib/ruby/gems/1.9.1/gems/railties-3.1.1/lib/rails/rack/logger.rb:13:in `call'
c:/RailsInstaller/Ruby1.9.2/lib/ruby/gems/1.9.1/gems/rack-1.3.6/lib/rack/methodoverride.rb:24:in `call'
c:/RailsInstaller/Ruby1.9.2/lib/ruby/gems/1.9.1/gems/rack-1.3.6/lib/rack/runtime.rb:17:in `call'
c:/RailsInstaller/Ruby1.9.2/lib/ruby/gems/1.9.1/gems/activesupport-3.1.1/lib/active_support/cache/strategy/local_cache.rb:72:in `call'
c:/RailsInstaller/Ruby1.9.2/lib/ruby/gems/1.9.1/gems/rack-1.3.6/lib/rack/lock.rb:15:in `call'
c:/RailsInstaller/Ruby1.9.2/lib/ruby/gems/1.9.1/gems/actionpack-3.1.1/lib/action_dispatch/middleware/static.rb:53:in `call'
c:/RailsInstaller/Ruby1.9.2/lib/ruby/gems/1.9.1/gems/railties-3.1.1/lib/rails/engine.rb:456:in `call'
c:/RailsInstaller/Ruby1.9.2/lib/ruby/gems/1.9.1/gems/railties-3.1.1/lib/rails/rack/content_length.rb:16:in `call'
c:/RailsInstaller/Ruby1.9.2/lib/ruby/gems/1.9.1/gems/railties-3.1.1/lib/rails/rack/log_tailer.rb:14:in `call'
c:/RailsInstaller/Ruby1.9.2/lib/ruby/gems/1.9.1/gems/rack-1.3.6/lib/rack/handler/webrick.rb:59:in `service'
c:/RailsInstaller/Ruby1.9.2/lib/ruby/1.9.1/webrick/httpserver.rb:111:in `service'
c:/RailsInstaller/Ruby1.9.2/lib/ruby/1.9.1/webrick/httpserver.rb:70:in `run'
c:/RailsInstaller/Ruby1.9.2/lib/ruby/1.9.1/webrick/server.rb:183:in `block in start_thread'
Rendered products/_form.html.erb (159.0ms)
Rendered products/new.html.erb within layouts/application (307.0ms)
Completed 500 Internal Server Error in 323ms

ActionView::Template::Error (c:/Users/Mykal/Documents/cs446/src/depot/app/views/products/_form.html.erb:15: syntax error, unexpected ':'
...tput_buffer.append= ( f.label : title );@output_buffer.safe_...
...                               ^
c:/Users/Mykal/Documents/cs446/src/depot/app/views/products/_form.html.erb:16: syntax error, unexpected ':'
...buffer.append= ( f.text_field : title );@output_buffer.safe_...
...                               ^):
    12:   <% end %>
    13: 
    14:   <div class="field">
    15:     <%= f.label : title %><br />
    16:     <%= f.text_field : title %>
    17:   </div>
    18:   <div class="field">
  app/views/products/new.html.erb:3:in `_app_views_products_new_html_erb__151170739_34903464'
  app/controllers/products_controller.rb:29:in `new'

Rendered c:/RailsInstaller/Ruby1.9.2/lib/ruby/gems/1.9.1/gems/actionpack-3.1.1/lib/action_dispatch/middleware/templates/rescues/_trace.erb (2.0ms)
Rendered c:/RailsInstaller/Ruby1.9.2/lib/ruby/gems/1.9.1/gems/actionpack-3.1.1/lib/action_dispatch/middleware/templates/rescues/_request_and_response.erb (1.0ms)
Rendered c:/RailsInstaller/Ruby1.9.2/lib/ruby/gems/1.9.1/gems/actionpack-3.1.1/lib/action_dispatch/middleware/templates/rescues/template_error.erb within rescues/layout (12.0ms)


Started GET "/products/new" for 127.0.0.1 at 2012-01-31 22:07:01 -0700
  Processing by ProductsController#new as HTML
ERROR: compiling _app_views_products__form_html_erb___23444815_34211400 RAISED c:/Users/Mykal/Documents/cs446/src/depot/app/views/products/_form.html.erb:15: syntax error, unexpected ':'
...tput_buffer.append= ( f.label : title );@output_buffer.safe_...
...                               ^
c:/Users/Mykal/Documents/cs446/src/depot/app/views/products/_form.html.erb:16: syntax error, unexpected ':'
...buffer.append= ( f.text_field : title );@output_buffer.safe_...
...                               ^
Function body:           def _app_views_products__form_html_erb___23444815_34211400(local_assigns, output_buffer)
            _old_virtual_path, @virtual_path = @virtual_path, "products/_form";_old_output_buffer = @output_buffer;form = local_assigns[:form];;@output_buffer = output_buffer || ActionView::OutputBuffer.new;@output_buffer.append=  form_for(@product) do |f| @output_buffer.safe_concat('
');   if @product.errors.any? 
@output_buffer.safe_concat('    <div id="error_explanation">
      <h2>');@output_buffer.append= ( pluralize(@product.errors.count, "error") );@output_buffer.safe_concat(' prohibited this product from being saved:</h2>

      <ul>
');       @product.errors.full_messages.each do |msg| 
@output_buffer.safe_concat('        <li>');@output_buffer.append= ( msg );@output_buffer.safe_concat('</li>
');       end 
@output_buffer.safe_concat('      </ul>
    </div>
');   end 
@output_buffer.safe_concat('
  <div class="field">
    ');@output_buffer.append= ( f.label : title );@output_buffer.safe_concat('<br />
    ');@output_buffer.append= ( f.text_field : title );@output_buffer.safe_concat('
');@output_buffer.safe_concat('  </div>
  <div class="field">
    ');@output_buffer.append= ( f.label :description );@output_buffer.safe_concat('<br />
    ');@output_buffer.append= ( f.text_area :description );@output_buffer.safe_concat('
');@output_buffer.safe_concat('  </div>
  <div class="field">
    ');@output_buffer.append= ( f.label :image_url );@output_buffer.safe_concat('<br />
    ');@output_buffer.append= ( f.text_field :image_url );@output_buffer.safe_concat('
');@output_buffer.safe_concat('  </div>
  <div class="field">
    ');@output_buffer.append= ( f.label :price );@output_buffer.safe_concat('<br />
    ');@output_buffer.append= ( f.text_field :price );@output_buffer.safe_concat('
');@output_buffer.safe_concat('  </div>
  <div class="actions">
    ');@output_buffer.append= ( f.submit );@output_buffer.safe_concat('
');@output_buffer.safe_concat('  </div>
'); end 
@output_buffer.to_s
          ensure
            @virtual_path, @output_buffer = _old_virtual_path, _old_output_buffer
          end
Backtrace: c:/RailsInstaller/Ruby1.9.2/lib/ruby/gems/1.9.1/gems/actionpack-3.1.1/lib/action_view/template.rb:282:in `module_eval'
c:/RailsInstaller/Ruby1.9.2/lib/ruby/gems/1.9.1/gems/actionpack-3.1.1/lib/action_view/template.rb:282:in `compile'
c:/RailsInstaller/Ruby1.9.2/lib/ruby/gems/1.9.1/gems/actionpack-3.1.1/lib/action_view/template.rb:190:in `compile!'
c:/RailsInstaller/Ruby1.9.2/lib/ruby/gems/1.9.1/gems/actionpack-3.1.1/lib/action_view/template.rb:143:in `block in render'
c:/RailsInstaller/Ruby1.9.2/lib/ruby/gems/1.9.1/gems/activesupport-3.1.1/lib/active_support/notifications.rb:55:in `instrument'
c:/RailsInstaller/Ruby1.9.2/lib/ruby/gems/1.9.1/gems/actionpack-3.1.1/lib/action_view/template.rb:142:in `render'
c:/RailsInstaller/Ruby1.9.2/lib/ruby/gems/1.9.1/gems/actionpack-3.1.1/lib/action_view/renderer/partial_renderer.rb:256:in `render_partial'
c:/RailsInstaller/Ruby1.9.2/lib/ruby/gems/1.9.1/gems/actionpack-3.1.1/lib/action_view/renderer/partial_renderer.rb:228:in `block (2 levels) in render'
c:/RailsInstaller/Ruby1.9.2/lib/ruby/gems/1.9.1/gems/actionpack-3.1.1/lib/action_view/renderer/abstract_renderer.rb:33:in `block in instrument'
c:/RailsInstaller/Ruby1.9.2/lib/ruby/gems/1.9.1/gems/activesupport-3.1.1/lib/active_support/notifications.rb:53:in `block in instrument'
c:/RailsInstaller/Ruby1.9.2/lib/ruby/gems/1.9.1/gems/activesupport-3.1.1/lib/active_support/notifications/instrumenter.rb:21:in `instrument'
c:/RailsInstaller/Ruby1.9.2/lib/ruby/gems/1.9.1/gems/activesupport-3.1.1/lib/active_support/notifications.rb:53:in `instrument'
c:/RailsInstaller/Ruby1.9.2/lib/ruby/gems/1.9.1/gems/actionpack-3.1.1/lib/action_view/renderer/abstract_renderer.rb:33:in `instrument'
c:/RailsInstaller/Ruby1.9.2/lib/ruby/gems/1.9.1/gems/actionpack-3.1.1/lib/action_view/renderer/partial_renderer.rb:227:in `block in render'
c:/RailsInstaller/Ruby1.9.2/lib/ruby/gems/1.9.1/gems/actionpack-3.1.1/lib/action_view/renderer/abstract_renderer.rb:22:in `wrap_formats'
c:/RailsInstaller/Ruby1.9.2/lib/ruby/gems/1.9.1/gems/actionpack-3.1.1/lib/action_view/renderer/partial_renderer.rb:219:in `render'
c:/RailsInstaller/Ruby1.9.2/lib/ruby/gems/1.9.1/gems/actionpack-3.1.1/lib/action_view/renderer/renderer.rb:41:in `render_partial'
c:/RailsInstaller/Ruby1.9.2/lib/ruby/gems/1.9.1/gems/actionpack-3.1.1/lib/action_view/helpers/rendering_helper.rb:27:in `render'
c:/Users/Mykal/Documents/cs446/src/depot/app/views/products/new.html.erb:3:in `_app_views_products_new_html_erb__151170739_34903464'
c:/RailsInstaller/Ruby1.9.2/lib/ruby/gems/1.9.1/gems/actionpack-3.1.1/lib/action_view/template.rb:144:in `block in render'
c:/RailsInstaller/Ruby1.9.2/lib/ruby/gems/1.9.1/gems/activesupport-3.1.1/lib/active_support/notifications.rb:55:in `instrument'
c:/RailsInstaller/Ruby1.9.2/lib/ruby/gems/1.9.1/gems/actionpack-3.1.1/lib/action_view/template.rb:142:in `render'
c:/RailsInstaller/Ruby1.9.2/lib/ruby/gems/1.9.1/gems/actionpack-3.1.1/lib/action_view/renderer/template_renderer.rb:40:in `block (2 levels) in render_template'
c:/RailsInstaller/Ruby1.9.2/lib/ruby/gems/1.9.1/gems/actionpack-3.1.1/lib/action_view/renderer/abstract_renderer.rb:33:in `block in instrument'
c:/RailsInstaller/Ruby1.9.2/lib/ruby/gems/1.9.1/gems/activesupport-3.1.1/lib/active_support/notifications.rb:53:in `block in instrument'
c:/RailsInstaller/Ruby1.9.2/lib/ruby/gems/1.9.1/gems/activesupport-3.1.1/lib/active_support/notifications/instrumenter.rb:21:in `instrument'
c:/RailsInstaller/Ruby1.9.2/lib/ruby/gems/1.9.1/gems/activesupport-3.1.1/lib/active_support/notifications.rb:53:in `instrument'
c:/RailsInstaller/Ruby1.9.2/lib/ruby/gems/1.9.1/gems/actionpack-3.1.1/lib/action_view/renderer/abstract_renderer.rb:33:in `instrument'
c:/RailsInstaller/Ruby1.9.2/lib/ruby/gems/1.9.1/gems/actionpack-3.1.1/lib/action_view/renderer/template_renderer.rb:39:in `block in render_template'
c:/RailsInstaller/Ruby1.9.2/lib/ruby/gems/1.9.1/gems/actionpack-3.1.1/lib/action_view/renderer/template_renderer.rb:47:in `render_with_layout'
c:/RailsInstaller/Ruby1.9.2/lib/ruby/gems/1.9.1/gems/actionpack-3.1.1/lib/action_view/renderer/template_renderer.rb:38:in `render_template'
c:/RailsInstaller/Ruby1.9.2/lib/ruby/gems/1.9.1/gems/actionpack-3.1.1/lib/action_view/renderer/template_renderer.rb:12:in `block in render'
c:/RailsInstaller/Ruby1.9.2/lib/ruby/gems/1.9.1/gems/actionpack-3.1.1/lib/action_view/renderer/abstract_renderer.rb:22:in `wrap_formats'
c:/RailsInstaller/Ruby1.9.2/lib/ruby/gems/1.9.1/gems/actionpack-3.1.1/lib/action_view/renderer/template_renderer.rb:9:in `render'
c:/RailsInstaller/Ruby1.9.2/lib/ruby/gems/1.9.1/gems/actionpack-3.1.1/lib/action_view/renderer/renderer.rb:36:in `render_template'
c:/RailsInstaller/Ruby1.9.2/lib/ruby/gems/1.9.1/gems/actionpack-3.1.1/lib/action_view/renderer/renderer.rb:17:in `render'
c:/RailsInstaller/Ruby1.9.2/lib/ruby/gems/1.9.1/gems/actionpack-3.1.1/lib/abstract_controller/rendering.rb:120:in `_render_template'
c:/RailsInstaller/Ruby1.9.2/lib/ruby/gems/1.9.1/gems/actionpack-3.1.1/lib/action_controller/metal/streaming.rb:250:in `_render_template'
c:/RailsInstaller/Ruby1.9.2/lib/ruby/gems/1.9.1/gems/actionpack-3.1.1/lib/abstract_controller/rendering.rb:114:in `render_to_body'
c:/RailsInstaller/Ruby1.9.2/lib/ruby/gems/1.9.1/gems/actionpack-3.1.1/lib/action_controller/metal/renderers.rb:30:in `render_to_body'
c:/RailsInstaller/Ruby1.9.2/lib/ruby/gems/1.9.1/gems/actionpack-3.1.1/lib/action_controller/metal/compatibility.rb:43:in `render_to_body'
c:/RailsInstaller/Ruby1.9.2/lib/ruby/gems/1.9.1/gems/actionpack-3.1.1/lib/abstract_controller/rendering.rb:99:in `render'
c:/RailsInstaller/Ruby1.9.2/lib/ruby/gems/1.9.1/gems/actionpack-3.1.1/lib/action_controller/metal/rendering.rb:16:in `render'
c:/RailsInstaller/Ruby1.9.2/lib/ruby/gems/1.9.1/gems/actionpack-3.1.1/lib/action_controller/metal/instrumentation.rb:40:in `block (2 levels) in render'
c:/RailsInstaller/Ruby1.9.2/lib/ruby/gems/1.9.1/gems/activesupport-3.1.1/lib/active_support/core_ext/benchmark.rb:5:in `block in ms'
c:/RailsInstaller/Ruby1.9.2/lib/ruby/1.9.1/benchmark.rb:310:in `realtime'
c:/RailsInstaller/Ruby1.9.2/lib/ruby/gems/1.9.1/gems/activesupport-3.1.1/lib/active_support/core_ext/benchmark.rb:5:in `ms'
c:/RailsInstaller/Ruby1.9.2/lib/ruby/gems/1.9.1/gems/actionpack-3.1.1/lib/action_controller/metal/instrumentation.rb:40:in `block in render'
c:/RailsInstaller/Ruby1.9.2/lib/ruby/gems/1.9.1/gems/actionpack-3.1.1/lib/action_controller/metal/instrumentation.rb:78:in `cleanup_view_runtime'
c:/RailsInstaller/Ruby1.9.2/lib/ruby/gems/1.9.1/gems/activerecord-3.1.1/lib/active_record/railties/controller_runtime.rb:24:in `cleanup_view_runtime'
c:/RailsInstaller/Ruby1.9.2/lib/ruby/gems/1.9.1/gems/actionpack-3.1.1/lib/action_controller/metal/instrumentation.rb:39:in `render'
c:/RailsInstaller/Ruby1.9.2/lib/ruby/gems/1.9.1/gems/actionpack-3.1.1/lib/action_controller/metal/implicit_render.rb:10:in `default_render'
c:/RailsInstaller/Ruby1.9.2/lib/ruby/gems/1.9.1/gems/actionpack-3.1.1/lib/action_controller/metal/mime_responds.rb:268:in `block in retrieve_response_from_mimes'
c:/RailsInstaller/Ruby1.9.2/lib/ruby/gems/1.9.1/gems/actionpack-3.1.1/lib/action_controller/metal/mime_responds.rb:195:in `call'
c:/RailsInstaller/Ruby1.9.2/lib/ruby/gems/1.9.1/gems/actionpack-3.1.1/lib/action_controller/metal/mime_responds.rb:195:in `respond_to'
c:/Users/Mykal/Documents/cs446/src/depot/app/controllers/products_controller.rb:29:in `new'
c:/RailsInstaller/Ruby1.9.2/lib/ruby/gems/1.9.1/gems/actionpack-3.1.1/lib/action_controller/metal/implicit_render.rb:4:in `send_action'
c:/RailsInstaller/Ruby1.9.2/lib/ruby/gems/1.9.1/gems/actionpack-3.1.1/lib/abstract_controller/base.rb:167:in `process_action'
c:/RailsInstaller/Ruby1.9.2/lib/ruby/gems/1.9.1/gems/actionpack-3.1.1/lib/action_controller/metal/rendering.rb:10:in `process_action'
c:/RailsInstaller/Ruby1.9.2/lib/ruby/gems/1.9.1/gems/actionpack-3.1.1/lib/abstract_controller/callbacks.rb:18:in `block in process_action'
c:/RailsInstaller/Ruby1.9.2/lib/ruby/gems/1.9.1/gems/activesupport-3.1.1/lib/active_support/callbacks.rb:416:in `_run__37298580__process_action__277626057__callbacks'
c:/RailsInstaller/Ruby1.9.2/lib/ruby/gems/1.9.1/gems/activesupport-3.1.1/lib/active_support/callbacks.rb:386:in `_run_process_action_callbacks'
c:/RailsInstaller/Ruby1.9.2/lib/ruby/gems/1.9.1/gems/activesupport-3.1.1/lib/active_support/callbacks.rb:81:in `run_callbacks'
c:/RailsInstaller/Ruby1.9.2/lib/ruby/gems/1.9.1/gems/actionpack-3.1.1/lib/abstract_controller/callbacks.rb:17:in `process_action'
c:/RailsInstaller/Ruby1.9.2/lib/ruby/gems/1.9.1/gems/actionpack-3.1.1/lib/action_controller/metal/rescue.rb:17:in `process_action'
c:/RailsInstaller/Ruby1.9.2/lib/ruby/gems/1.9.1/gems/actionpack-3.1.1/lib/action_controller/metal/instrumentation.rb:30:in `block in process_action'
c:/RailsInstaller/Ruby1.9.2/lib/ruby/gems/1.9.1/gems/activesupport-3.1.1/lib/active_support/notifications.rb:53:in `block in instrument'
c:/RailsInstaller/Ruby1.9.2/lib/ruby/gems/1.9.1/gems/activesupport-3.1.1/lib/active_support/notifications/instrumenter.rb:21:in `instrument'
c:/RailsInstaller/Ruby1.9.2/lib/ruby/gems/1.9.1/gems/activesupport-3.1.1/lib/active_support/notifications.rb:53:in `instrument'
c:/RailsInstaller/Ruby1.9.2/lib/ruby/gems/1.9.1/gems/actionpack-3.1.1/lib/action_controller/metal/instrumentation.rb:29:in `process_action'
c:/RailsInstaller/Ruby1.9.2/lib/ruby/gems/1.9.1/gems/actionpack-3.1.1/lib/action_controller/metal/params_wrapper.rb:201:in `process_action'
c:/RailsInstaller/Ruby1.9.2/lib/ruby/gems/1.9.1/gems/activerecord-3.1.1/lib/active_record/railties/controller_runtime.rb:18:in `process_action'
c:/RailsInstaller/Ruby1.9.2/lib/ruby/gems/1.9.1/gems/actionpack-3.1.1/lib/abstract_controller/base.rb:121:in `process'
c:/RailsInstaller/Ruby1.9.2/lib/ruby/gems/1.9.1/gems/actionpack-3.1.1/lib/abstract_controller/rendering.rb:45:in `process'
c:/RailsInstaller/Ruby1.9.2/lib/ruby/gems/1.9.1/gems/actionpack-3.1.1/lib/action_controller/metal.rb:193:in `dispatch'
c:/RailsInstaller/Ruby1.9.2/lib/ruby/gems/1.9.1/gems/actionpack-3.1.1/lib/action_controller/metal/rack_delegation.rb:14:in `dispatch'
c:/RailsInstaller/Ruby1.9.2/lib/ruby/gems/1.9.1/gems/actionpack-3.1.1/lib/action_controller/metal.rb:236:in `block in action'
c:/RailsInstaller/Ruby1.9.2/lib/ruby/gems/1.9.1/gems/actionpack-3.1.1/lib/action_dispatch/routing/route_set.rb:65:in `call'
c:/RailsInstaller/Ruby1.9.2/lib/ruby/gems/1.9.1/gems/actionpack-3.1.1/lib/action_dispatch/routing/route_set.rb:65:in `dispatch'
c:/RailsInstaller/Ruby1.9.2/lib/ruby/gems/1.9.1/gems/actionpack-3.1.1/lib/action_dispatch/routing/route_set.rb:29:in `call'
c:/RailsInstaller/Ruby1.9.2/lib/ruby/gems/1.9.1/gems/rack-mount-0.8.3/lib/rack/mount/route_set.rb:152:in `block in call'
c:/RailsInstaller/Ruby1.9.2/lib/ruby/gems/1.9.1/gems/rack-mount-0.8.3/lib/rack/mount/code_generation.rb:96:in `block in recognize'
c:/RailsInstaller/Ruby1.9.2/lib/ruby/gems/1.9.1/gems/rack-mount-0.8.3/lib/rack/mount/code_generation.rb:82:in `optimized_each'
c:/RailsInstaller/Ruby1.9.2/lib/ruby/gems/1.9.1/gems/rack-mount-0.8.3/lib/rack/mount/code_generation.rb:95:in `recognize'
c:/RailsInstaller/Ruby1.9.2/lib/ruby/gems/1.9.1/gems/rack-mount-0.8.3/lib/rack/mount/route_set.rb:141:in `call'
c:/RailsInstaller/Ruby1.9.2/lib/ruby/gems/1.9.1/gems/actionpack-3.1.1/lib/action_dispatch/routing/route_set.rb:532:in `call'
c:/RailsInstaller/Ruby1.9.2/lib/ruby/gems/1.9.1/gems/actionpack-3.1.1/lib/action_dispatch/middleware/best_standards_support.rb:17:in `call'
c:/RailsInstaller/Ruby1.9.2/lib/ruby/gems/1.9.1/gems/rack-1.3.6/lib/rack/etag.rb:23:in `call'
c:/RailsInstaller/Ruby1.9.2/lib/ruby/gems/1.9.1/gems/rack-1.3.6/lib/rack/conditionalget.rb:25:in `call'
c:/RailsInstaller/Ruby1.9.2/lib/ruby/gems/1.9.1/gems/actionpack-3.1.1/lib/action_dispatch/middleware/head.rb:14:in `call'
c:/RailsInstaller/Ruby1.9.2/lib/ruby/gems/1.9.1/gems/actionpack-3.1.1/lib/action_dispatch/middleware/params_parser.rb:21:in `call'
c:/RailsInstaller/Ruby1.9.2/lib/ruby/gems/1.9.1/gems/actionpack-3.1.1/lib/action_dispatch/middleware/flash.rb:243:in `call'
c:/RailsInstaller/Ruby1.9.2/lib/ruby/gems/1.9.1/gems/rack-1.3.6/lib/rack/session/abstract/id.rb:195:in `context'
c:/RailsInstaller/Ruby1.9.2/lib/ruby/gems/1.9.1/gems/rack-1.3.6/lib/rack/session/abstract/id.rb:190:in `call'
c:/RailsInstaller/Ruby1.9.2/lib/ruby/gems/1.9.1/gems/actionpack-3.1.1/lib/action_dispatch/middleware/cookies.rb:331:in `call'
c:/RailsInstaller/Ruby1.9.2/lib/ruby/gems/1.9.1/gems/activerecord-3.1.1/lib/active_record/query_cache.rb:62:in `call'
c:/RailsInstaller/Ruby1.9.2/lib/ruby/gems/1.9.1/gems/activerecord-3.1.1/lib/active_record/connection_adapters/abstract/connection_pool.rb:477:in `call'
c:/RailsInstaller/Ruby1.9.2/lib/ruby/gems/1.9.1/gems/actionpack-3.1.1/lib/action_dispatch/middleware/callbacks.rb:29:in `block in call'
c:/RailsInstaller/Ruby1.9.2/lib/ruby/gems/1.9.1/gems/activesupport-3.1.1/lib/active_support/callbacks.rb:392:in `_run_call_callbacks'
c:/RailsInstaller/Ruby1.9.2/lib/ruby/gems/1.9.1/gems/activesupport-3.1.1/lib/active_support/callbacks.rb:81:in `run_callbacks'
c:/RailsInstaller/Ruby1.9.2/lib/ruby/gems/1.9.1/gems/actionpack-3.1.1/lib/action_dispatch/middleware/callbacks.rb:28:in `call'
c:/RailsInstaller/Ruby1.9.2/lib/ruby/gems/1.9.1/gems/actionpack-3.1.1/lib/action_dispatch/middleware/reloader.rb:68:in `call'
c:/RailsInstaller/Ruby1.9.2/lib/ruby/gems/1.9.1/gems/rack-1.3.6/lib/rack/sendfile.rb:101:in `call'
c:/RailsInstaller/Ruby1.9.2/lib/ruby/gems/1.9.1/gems/actionpack-3.1.1/lib/action_dispatch/middleware/remote_ip.rb:48:in `call'
c:/RailsInstaller/Ruby1.9.2/lib/ruby/gems/1.9.1/gems/actionpack-3.1.1/lib/action_dispatch/middleware/show_exceptions.rb:47:in `call'
c:/RailsInstaller/Ruby1.9.2/lib/ruby/gems/1.9.1/gems/railties-3.1.1/lib/rails/rack/logger.rb:13:in `call'
c:/RailsInstaller/Ruby1.9.2/lib/ruby/gems/1.9.1/gems/rack-1.3.6/lib/rack/methodoverride.rb:24:in `call'
c:/RailsInstaller/Ruby1.9.2/lib/ruby/gems/1.9.1/gems/rack-1.3.6/lib/rack/runtime.rb:17:in `call'
c:/RailsInstaller/Ruby1.9.2/lib/ruby/gems/1.9.1/gems/activesupport-3.1.1/lib/active_support/cache/strategy/local_cache.rb:72:in `call'
c:/RailsInstaller/Ruby1.9.2/lib/ruby/gems/1.9.1/gems/rack-1.3.6/lib/rack/lock.rb:15:in `call'
c:/RailsInstaller/Ruby1.9.2/lib/ruby/gems/1.9.1/gems/actionpack-3.1.1/lib/action_dispatch/middleware/static.rb:53:in `call'
c:/RailsInstaller/Ruby1.9.2/lib/ruby/gems/1.9.1/gems/railties-3.1.1/lib/rails/engine.rb:456:in `call'
c:/RailsInstaller/Ruby1.9.2/lib/ruby/gems/1.9.1/gems/railties-3.1.1/lib/rails/rack/content_length.rb:16:in `call'
c:/RailsInstaller/Ruby1.9.2/lib/ruby/gems/1.9.1/gems/railties-3.1.1/lib/rails/rack/log_tailer.rb:14:in `call'
c:/RailsInstaller/Ruby1.9.2/lib/ruby/gems/1.9.1/gems/rack-1.3.6/lib/rack/handler/webrick.rb:59:in `service'
c:/RailsInstaller/Ruby1.9.2/lib/ruby/1.9.1/webrick/httpserver.rb:111:in `service'
c:/RailsInstaller/Ruby1.9.2/lib/ruby/1.9.1/webrick/httpserver.rb:70:in `run'
c:/RailsInstaller/Ruby1.9.2/lib/ruby/1.9.1/webrick/server.rb:183:in `block in start_thread'
Rendered products/_form.html.erb (2.0ms)
Rendered products/new.html.erb within layouts/application (5.0ms)
Completed 500 Internal Server Error in 20ms

ActionView::Template::Error (c:/Users/Mykal/Documents/cs446/src/depot/app/views/products/_form.html.erb:15: syntax error, unexpected ':'
...tput_buffer.append= ( f.label : title );@output_buffer.safe_...
...                               ^
c:/Users/Mykal/Documents/cs446/src/depot/app/views/products/_form.html.erb:16: syntax error, unexpected ':'
...buffer.append= ( f.text_field : title );@output_buffer.safe_...
...                               ^):
    12:   <% end %>
    13: 
    14:   <div class="field">
    15:     <%= f.label : title %><br />
    16:     <%= f.text_field : title %>
    17:   </div>
    18:   <div class="field">
  app/views/products/new.html.erb:3:in `_app_views_products_new_html_erb__151170739_34903464'
  app/controllers/products_controller.rb:29:in `new'

Rendered c:/RailsInstaller/Ruby1.9.2/lib/ruby/gems/1.9.1/gems/actionpack-3.1.1/lib/action_dispatch/middleware/templates/rescues/_trace.erb (2.0ms)
Rendered c:/RailsInstaller/Ruby1.9.2/lib/ruby/gems/1.9.1/gems/actionpack-3.1.1/lib/action_dispatch/middleware/templates/rescues/_request_and_response.erb (1.0ms)
Rendered c:/RailsInstaller/Ruby1.9.2/lib/ruby/gems/1.9.1/gems/actionpack-3.1.1/lib/action_dispatch/middleware/templates/rescues/template_error.erb within rescues/layout (37.0ms)


Started GET "/products" for 127.0.0.1 at 2012-01-31 22:08:48 -0700
  Processing by ProductsController#index as HTML
  [1m[35mProduct Load (1.0ms)[0m  SELECT "products".* FROM "products" 
Rendered products/index.html.erb within layouts/application (1.0ms)
Completed 200 OK in 22ms (Views: 20.0ms | ActiveRecord: 1.0ms)


Started GET "/assets/products.css?body=1" for 127.0.0.1 at 2012-01-31 22:08:48 -0700
Served asset /products.css - 304 Not Modified (0ms)


Started GET "/assets/application.css?body=1" for 127.0.0.1 at 2012-01-31 22:08:48 -0700
Served asset /application.css - 304 Not Modified (0ms)


Started GET "/assets/jquery.js?body=1" for 127.0.0.1 at 2012-01-31 22:08:48 -0700
Served asset /jquery.js - 304 Not Modified (0ms)


Started GET "/assets/jquery_ujs.js?body=1" for 127.0.0.1 at 2012-01-31 22:08:48 -0700
Served asset /jquery_ujs.js - 304 Not Modified (0ms)


Started GET "/assets/products.js?body=1" for 127.0.0.1 at 2012-01-31 22:08:48 -0700
Served asset /products.js - 304 Not Modified (0ms)


Started GET "/assets/scaffolds.css?body=1" for 127.0.0.1 at 2012-01-31 22:08:48 -0700
Served asset /scaffolds.css - 304 Not Modified (1ms)


Started GET "/assets/application.js?body=1" for 127.0.0.1 at 2012-01-31 22:08:48 -0700
Served asset /application.js - 304 Not Modified (0ms)


Started GET "/products/new" for 127.0.0.1 at 2012-01-31 22:08:50 -0700
  Processing by ProductsController#new as HTML
ERROR: compiling _app_views_products__form_html_erb___23444815_38682144 RAISED c:/Users/Mykal/Documents/cs446/src/depot/app/views/products/_form.html.erb:15: syntax error, unexpected ':'
...tput_buffer.append= ( f.label : title );@output_buffer.safe_...
...                               ^
c:/Users/Mykal/Documents/cs446/src/depot/app/views/products/_form.html.erb:16: syntax error, unexpected ':'
...buffer.append= ( f.text_field : title );@output_buffer.safe_...
...                               ^
Function body:           def _app_views_products__form_html_erb___23444815_38682144(local_assigns, output_buffer)
            _old_virtual_path, @virtual_path = @virtual_path, "products/_form";_old_output_buffer = @output_buffer;form = local_assigns[:form];;@output_buffer = output_buffer || ActionView::OutputBuffer.new;@output_buffer.append=  form_for(@product) do |f| @output_buffer.safe_concat('
');   if @product.errors.any? 
@output_buffer.safe_concat('    <div id="error_explanation">
      <h2>');@output_buffer.append= ( pluralize(@product.errors.count, "error") );@output_buffer.safe_concat(' prohibited this product from being saved:</h2>

      <ul>
');       @product.errors.full_messages.each do |msg| 
@output_buffer.safe_concat('        <li>');@output_buffer.append= ( msg );@output_buffer.safe_concat('</li>
');       end 
@output_buffer.safe_concat('      </ul>
    </div>
');   end 
@output_buffer.safe_concat('
  <div class="field">
    ');@output_buffer.append= ( f.label : title );@output_buffer.safe_concat('<br />
    ');@output_buffer.append= ( f.text_field : title );@output_buffer.safe_concat('
');@output_buffer.safe_concat('  </div>
  <div class="field">
    ');@output_buffer.append= ( f.label :description );@output_buffer.safe_concat('<br />
    ');@output_buffer.append= ( f.text_area :description, rows: 6 );@output_buffer.safe_concat('
');@output_buffer.safe_concat('  </div>
  <div class="field">
    ');@output_buffer.append= ( f.label :image_url );@output_buffer.safe_concat('<br />
    ');@output_buffer.append= ( f.text_field :image_url );@output_buffer.safe_concat('
');@output_buffer.safe_concat('  </div>
  <div class="field">
    ');@output_buffer.append= ( f.label :price );@output_buffer.safe_concat('<br />
    ');@output_buffer.append= ( f.text_field :price );@output_buffer.safe_concat('
');@output_buffer.safe_concat('  </div>
  <div class="actions">
    ');@output_buffer.append= ( f.submit );@output_buffer.safe_concat('
');@output_buffer.safe_concat('  </div>
'); end 
@output_buffer.to_s
          ensure
            @virtual_path, @output_buffer = _old_virtual_path, _old_output_buffer
          end
Backtrace: c:/RailsInstaller/Ruby1.9.2/lib/ruby/gems/1.9.1/gems/actionpack-3.1.1/lib/action_view/template.rb:282:in `module_eval'
c:/RailsInstaller/Ruby1.9.2/lib/ruby/gems/1.9.1/gems/actionpack-3.1.1/lib/action_view/template.rb:282:in `compile'
c:/RailsInstaller/Ruby1.9.2/lib/ruby/gems/1.9.1/gems/actionpack-3.1.1/lib/action_view/template.rb:190:in `compile!'
c:/RailsInstaller/Ruby1.9.2/lib/ruby/gems/1.9.1/gems/actionpack-3.1.1/lib/action_view/template.rb:143:in `block in render'
c:/RailsInstaller/Ruby1.9.2/lib/ruby/gems/1.9.1/gems/activesupport-3.1.1/lib/active_support/notifications.rb:55:in `instrument'
c:/RailsInstaller/Ruby1.9.2/lib/ruby/gems/1.9.1/gems/actionpack-3.1.1/lib/action_view/template.rb:142:in `render'
c:/RailsInstaller/Ruby1.9.2/lib/ruby/gems/1.9.1/gems/actionpack-3.1.1/lib/action_view/renderer/partial_renderer.rb:256:in `render_partial'
c:/RailsInstaller/Ruby1.9.2/lib/ruby/gems/1.9.1/gems/actionpack-3.1.1/lib/action_view/renderer/partial_renderer.rb:228:in `block (2 levels) in render'
c:/RailsInstaller/Ruby1.9.2/lib/ruby/gems/1.9.1/gems/actionpack-3.1.1/lib/action_view/renderer/abstract_renderer.rb:33:in `block in instrument'
c:/RailsInstaller/Ruby1.9.2/lib/ruby/gems/1.9.1/gems/activesupport-3.1.1/lib/active_support/notifications.rb:53:in `block in instrument'
c:/RailsInstaller/Ruby1.9.2/lib/ruby/gems/1.9.1/gems/activesupport-3.1.1/lib/active_support/notifications/instrumenter.rb:21:in `instrument'
c:/RailsInstaller/Ruby1.9.2/lib/ruby/gems/1.9.1/gems/activesupport-3.1.1/lib/active_support/notifications.rb:53:in `instrument'
c:/RailsInstaller/Ruby1.9.2/lib/ruby/gems/1.9.1/gems/actionpack-3.1.1/lib/action_view/renderer/abstract_renderer.rb:33:in `instrument'
c:/RailsInstaller/Ruby1.9.2/lib/ruby/gems/1.9.1/gems/actionpack-3.1.1/lib/action_view/renderer/partial_renderer.rb:227:in `block in render'
c:/RailsInstaller/Ruby1.9.2/lib/ruby/gems/1.9.1/gems/actionpack-3.1.1/lib/action_view/renderer/abstract_renderer.rb:22:in `wrap_formats'
c:/RailsInstaller/Ruby1.9.2/lib/ruby/gems/1.9.1/gems/actionpack-3.1.1/lib/action_view/renderer/partial_renderer.rb:219:in `render'
c:/RailsInstaller/Ruby1.9.2/lib/ruby/gems/1.9.1/gems/actionpack-3.1.1/lib/action_view/renderer/renderer.rb:41:in `render_partial'
c:/RailsInstaller/Ruby1.9.2/lib/ruby/gems/1.9.1/gems/actionpack-3.1.1/lib/action_view/helpers/rendering_helper.rb:27:in `render'
c:/Users/Mykal/Documents/cs446/src/depot/app/views/products/new.html.erb:3:in `_app_views_products_new_html_erb__151170739_34903464'
c:/RailsInstaller/Ruby1.9.2/lib/ruby/gems/1.9.1/gems/actionpack-3.1.1/lib/action_view/template.rb:144:in `block in render'
c:/RailsInstaller/Ruby1.9.2/lib/ruby/gems/1.9.1/gems/activesupport-3.1.1/lib/active_support/notifications.rb:55:in `instrument'
c:/RailsInstaller/Ruby1.9.2/lib/ruby/gems/1.9.1/gems/actionpack-3.1.1/lib/action_view/template.rb:142:in `render'
c:/RailsInstaller/Ruby1.9.2/lib/ruby/gems/1.9.1/gems/actionpack-3.1.1/lib/action_view/renderer/template_renderer.rb:40:in `block (2 levels) in render_template'
c:/RailsInstaller/Ruby1.9.2/lib/ruby/gems/1.9.1/gems/actionpack-3.1.1/lib/action_view/renderer/abstract_renderer.rb:33:in `block in instrument'
c:/RailsInstaller/Ruby1.9.2/lib/ruby/gems/1.9.1/gems/activesupport-3.1.1/lib/active_support/notifications.rb:53:in `block in instrument'
c:/RailsInstaller/Ruby1.9.2/lib/ruby/gems/1.9.1/gems/activesupport-3.1.1/lib/active_support/notifications/instrumenter.rb:21:in `instrument'
c:/RailsInstaller/Ruby1.9.2/lib/ruby/gems/1.9.1/gems/activesupport-3.1.1/lib/active_support/notifications.rb:53:in `instrument'
c:/RailsInstaller/Ruby1.9.2/lib/ruby/gems/1.9.1/gems/actionpack-3.1.1/lib/action_view/renderer/abstract_renderer.rb:33:in `instrument'
c:/RailsInstaller/Ruby1.9.2/lib/ruby/gems/1.9.1/gems/actionpack-3.1.1/lib/action_view/renderer/template_renderer.rb:39:in `block in render_template'
c:/RailsInstaller/Ruby1.9.2/lib/ruby/gems/1.9.1/gems/actionpack-3.1.1/lib/action_view/renderer/template_renderer.rb:47:in `render_with_layout'
c:/RailsInstaller/Ruby1.9.2/lib/ruby/gems/1.9.1/gems/actionpack-3.1.1/lib/action_view/renderer/template_renderer.rb:38:in `render_template'
c:/RailsInstaller/Ruby1.9.2/lib/ruby/gems/1.9.1/gems/actionpack-3.1.1/lib/action_view/renderer/template_renderer.rb:12:in `block in render'
c:/RailsInstaller/Ruby1.9.2/lib/ruby/gems/1.9.1/gems/actionpack-3.1.1/lib/action_view/renderer/abstract_renderer.rb:22:in `wrap_formats'
c:/RailsInstaller/Ruby1.9.2/lib/ruby/gems/1.9.1/gems/actionpack-3.1.1/lib/action_view/renderer/template_renderer.rb:9:in `render'
c:/RailsInstaller/Ruby1.9.2/lib/ruby/gems/1.9.1/gems/actionpack-3.1.1/lib/action_view/renderer/renderer.rb:36:in `render_template'
c:/RailsInstaller/Ruby1.9.2/lib/ruby/gems/1.9.1/gems/actionpack-3.1.1/lib/action_view/renderer/renderer.rb:17:in `render'
c:/RailsInstaller/Ruby1.9.2/lib/ruby/gems/1.9.1/gems/actionpack-3.1.1/lib/abstract_controller/rendering.rb:120:in `_render_template'
c:/RailsInstaller/Ruby1.9.2/lib/ruby/gems/1.9.1/gems/actionpack-3.1.1/lib/action_controller/metal/streaming.rb:250:in `_render_template'
c:/RailsInstaller/Ruby1.9.2/lib/ruby/gems/1.9.1/gems/actionpack-3.1.1/lib/abstract_controller/rendering.rb:114:in `render_to_body'
c:/RailsInstaller/Ruby1.9.2/lib/ruby/gems/1.9.1/gems/actionpack-3.1.1/lib/action_controller/metal/renderers.rb:30:in `render_to_body'
c:/RailsInstaller/Ruby1.9.2/lib/ruby/gems/1.9.1/gems/actionpack-3.1.1/lib/action_controller/metal/compatibility.rb:43:in `render_to_body'
c:/RailsInstaller/Ruby1.9.2/lib/ruby/gems/1.9.1/gems/actionpack-3.1.1/lib/abstract_controller/rendering.rb:99:in `render'
c:/RailsInstaller/Ruby1.9.2/lib/ruby/gems/1.9.1/gems/actionpack-3.1.1/lib/action_controller/metal/rendering.rb:16:in `render'
c:/RailsInstaller/Ruby1.9.2/lib/ruby/gems/1.9.1/gems/actionpack-3.1.1/lib/action_controller/metal/instrumentation.rb:40:in `block (2 levels) in render'
c:/RailsInstaller/Ruby1.9.2/lib/ruby/gems/1.9.1/gems/activesupport-3.1.1/lib/active_support/core_ext/benchmark.rb:5:in `block in ms'
c:/RailsInstaller/Ruby1.9.2/lib/ruby/1.9.1/benchmark.rb:310:in `realtime'
c:/RailsInstaller/Ruby1.9.2/lib/ruby/gems/1.9.1/gems/activesupport-3.1.1/lib/active_support/core_ext/benchmark.rb:5:in `ms'
c:/RailsInstaller/Ruby1.9.2/lib/ruby/gems/1.9.1/gems/actionpack-3.1.1/lib/action_controller/metal/instrumentation.rb:40:in `block in render'
c:/RailsInstaller/Ruby1.9.2/lib/ruby/gems/1.9.1/gems/actionpack-3.1.1/lib/action_controller/metal/instrumentation.rb:78:in `cleanup_view_runtime'
c:/RailsInstaller/Ruby1.9.2/lib/ruby/gems/1.9.1/gems/activerecord-3.1.1/lib/active_record/railties/controller_runtime.rb:24:in `cleanup_view_runtime'
c:/RailsInstaller/Ruby1.9.2/lib/ruby/gems/1.9.1/gems/actionpack-3.1.1/lib/action_controller/metal/instrumentation.rb:39:in `render'
c:/RailsInstaller/Ruby1.9.2/lib/ruby/gems/1.9.1/gems/actionpack-3.1.1/lib/action_controller/metal/implicit_render.rb:10:in `default_render'
c:/RailsInstaller/Ruby1.9.2/lib/ruby/gems/1.9.1/gems/actionpack-3.1.1/lib/action_controller/metal/mime_responds.rb:268:in `block in retrieve_response_from_mimes'
c:/RailsInstaller/Ruby1.9.2/lib/ruby/gems/1.9.1/gems/actionpack-3.1.1/lib/action_controller/metal/mime_responds.rb:195:in `call'
c:/RailsInstaller/Ruby1.9.2/lib/ruby/gems/1.9.1/gems/actionpack-3.1.1/lib/action_controller/metal/mime_responds.rb:195:in `respond_to'
c:/Users/Mykal/Documents/cs446/src/depot/app/controllers/products_controller.rb:29:in `new'
c:/RailsInstaller/Ruby1.9.2/lib/ruby/gems/1.9.1/gems/actionpack-3.1.1/lib/action_controller/metal/implicit_render.rb:4:in `send_action'
c:/RailsInstaller/Ruby1.9.2/lib/ruby/gems/1.9.1/gems/actionpack-3.1.1/lib/abstract_controller/base.rb:167:in `process_action'
c:/RailsInstaller/Ruby1.9.2/lib/ruby/gems/1.9.1/gems/actionpack-3.1.1/lib/action_controller/metal/rendering.rb:10:in `process_action'
c:/RailsInstaller/Ruby1.9.2/lib/ruby/gems/1.9.1/gems/actionpack-3.1.1/lib/abstract_controller/callbacks.rb:18:in `block in process_action'
c:/RailsInstaller/Ruby1.9.2/lib/ruby/gems/1.9.1/gems/activesupport-3.1.1/lib/active_support/callbacks.rb:416:in `_run__37298580__process_action__277626057__callbacks'
c:/RailsInstaller/Ruby1.9.2/lib/ruby/gems/1.9.1/gems/activesupport-3.1.1/lib/active_support/callbacks.rb:386:in `_run_process_action_callbacks'
c:/RailsInstaller/Ruby1.9.2/lib/ruby/gems/1.9.1/gems/activesupport-3.1.1/lib/active_support/callbacks.rb:81:in `run_callbacks'
c:/RailsInstaller/Ruby1.9.2/lib/ruby/gems/1.9.1/gems/actionpack-3.1.1/lib/abstract_controller/callbacks.rb:17:in `process_action'
c:/RailsInstaller/Ruby1.9.2/lib/ruby/gems/1.9.1/gems/actionpack-3.1.1/lib/action_controller/metal/rescue.rb:17:in `process_action'
c:/RailsInstaller/Ruby1.9.2/lib/ruby/gems/1.9.1/gems/actionpack-3.1.1/lib/action_controller/metal/instrumentation.rb:30:in `block in process_action'
c:/RailsInstaller/Ruby1.9.2/lib/ruby/gems/1.9.1/gems/activesupport-3.1.1/lib/active_support/notifications.rb:53:in `block in instrument'
c:/RailsInstaller/Ruby1.9.2/lib/ruby/gems/1.9.1/gems/activesupport-3.1.1/lib/active_support/notifications/instrumenter.rb:21:in `instrument'
c:/RailsInstaller/Ruby1.9.2/lib/ruby/gems/1.9.1/gems/activesupport-3.1.1/lib/active_support/notifications.rb:53:in `instrument'
c:/RailsInstaller/Ruby1.9.2/lib/ruby/gems/1.9.1/gems/actionpack-3.1.1/lib/action_controller/metal/instrumentation.rb:29:in `process_action'
c:/RailsInstaller/Ruby1.9.2/lib/ruby/gems/1.9.1/gems/actionpack-3.1.1/lib/action_controller/metal/params_wrapper.rb:201:in `process_action'
c:/RailsInstaller/Ruby1.9.2/lib/ruby/gems/1.9.1/gems/activerecord-3.1.1/lib/active_record/railties/controller_runtime.rb:18:in `process_action'
c:/RailsInstaller/Ruby1.9.2/lib/ruby/gems/1.9.1/gems/actionpack-3.1.1/lib/abstract_controller/base.rb:121:in `process'
c:/RailsInstaller/Ruby1.9.2/lib/ruby/gems/1.9.1/gems/actionpack-3.1.1/lib/abstract_controller/rendering.rb:45:in `process'
c:/RailsInstaller/Ruby1.9.2/lib/ruby/gems/1.9.1/gems/actionpack-3.1.1/lib/action_controller/metal.rb:193:in `dispatch'
c:/RailsInstaller/Ruby1.9.2/lib/ruby/gems/1.9.1/gems/actionpack-3.1.1/lib/action_controller/metal/rack_delegation.rb:14:in `dispatch'
c:/RailsInstaller/Ruby1.9.2/lib/ruby/gems/1.9.1/gems/actionpack-3.1.1/lib/action_controller/metal.rb:236:in `block in action'
c:/RailsInstaller/Ruby1.9.2/lib/ruby/gems/1.9.1/gems/actionpack-3.1.1/lib/action_dispatch/routing/route_set.rb:65:in `call'
c:/RailsInstaller/Ruby1.9.2/lib/ruby/gems/1.9.1/gems/actionpack-3.1.1/lib/action_dispatch/routing/route_set.rb:65:in `dispatch'
c:/RailsInstaller/Ruby1.9.2/lib/ruby/gems/1.9.1/gems/actionpack-3.1.1/lib/action_dispatch/routing/route_set.rb:29:in `call'
c:/RailsInstaller/Ruby1.9.2/lib/ruby/gems/1.9.1/gems/rack-mount-0.8.3/lib/rack/mount/route_set.rb:152:in `block in call'
c:/RailsInstaller/Ruby1.9.2/lib/ruby/gems/1.9.1/gems/rack-mount-0.8.3/lib/rack/mount/code_generation.rb:96:in `block in recognize'
c:/RailsInstaller/Ruby1.9.2/lib/ruby/gems/1.9.1/gems/rack-mount-0.8.3/lib/rack/mount/code_generation.rb:82:in `optimized_each'
c:/RailsInstaller/Ruby1.9.2/lib/ruby/gems/1.9.1/gems/rack-mount-0.8.3/lib/rack/mount/code_generation.rb:95:in `recognize'
c:/RailsInstaller/Ruby1.9.2/lib/ruby/gems/1.9.1/gems/rack-mount-0.8.3/lib/rack/mount/route_set.rb:141:in `call'
c:/RailsInstaller/Ruby1.9.2/lib/ruby/gems/1.9.1/gems/actionpack-3.1.1/lib/action_dispatch/routing/route_set.rb:532:in `call'
c:/RailsInstaller/Ruby1.9.2/lib/ruby/gems/1.9.1/gems/actionpack-3.1.1/lib/action_dispatch/middleware/best_standards_support.rb:17:in `call'
c:/RailsInstaller/Ruby1.9.2/lib/ruby/gems/1.9.1/gems/rack-1.3.6/lib/rack/etag.rb:23:in `call'
c:/RailsInstaller/Ruby1.9.2/lib/ruby/gems/1.9.1/gems/rack-1.3.6/lib/rack/conditionalget.rb:25:in `call'
c:/RailsInstaller/Ruby1.9.2/lib/ruby/gems/1.9.1/gems/actionpack-3.1.1/lib/action_dispatch/middleware/head.rb:14:in `call'
c:/RailsInstaller/Ruby1.9.2/lib/ruby/gems/1.9.1/gems/actionpack-3.1.1/lib/action_dispatch/middleware/params_parser.rb:21:in `call'
c:/RailsInstaller/Ruby1.9.2/lib/ruby/gems/1.9.1/gems/actionpack-3.1.1/lib/action_dispatch/middleware/flash.rb:243:in `call'
c:/RailsInstaller/Ruby1.9.2/lib/ruby/gems/1.9.1/gems/rack-1.3.6/lib/rack/session/abstract/id.rb:195:in `context'
c:/RailsInstaller/Ruby1.9.2/lib/ruby/gems/1.9.1/gems/rack-1.3.6/lib/rack/session/abstract/id.rb:190:in `call'
c:/RailsInstaller/Ruby1.9.2/lib/ruby/gems/1.9.1/gems/actionpack-3.1.1/lib/action_dispatch/middleware/cookies.rb:331:in `call'
c:/RailsInstaller/Ruby1.9.2/lib/ruby/gems/1.9.1/gems/activerecord-3.1.1/lib/active_record/query_cache.rb:62:in `call'
c:/RailsInstaller/Ruby1.9.2/lib/ruby/gems/1.9.1/gems/activerecord-3.1.1/lib/active_record/connection_adapters/abstract/connection_pool.rb:477:in `call'
c:/RailsInstaller/Ruby1.9.2/lib/ruby/gems/1.9.1/gems/actionpack-3.1.1/lib/action_dispatch/middleware/callbacks.rb:29:in `block in call'
c:/RailsInstaller/Ruby1.9.2/lib/ruby/gems/1.9.1/gems/activesupport-3.1.1/lib/active_support/callbacks.rb:392:in `_run_call_callbacks'
c:/RailsInstaller/Ruby1.9.2/lib/ruby/gems/1.9.1/gems/activesupport-3.1.1/lib/active_support/callbacks.rb:81:in `run_callbacks'
c:/RailsInstaller/Ruby1.9.2/lib/ruby/gems/1.9.1/gems/actionpack-3.1.1/lib/action_dispatch/middleware/callbacks.rb:28:in `call'
c:/RailsInstaller/Ruby1.9.2/lib/ruby/gems/1.9.1/gems/actionpack-3.1.1/lib/action_dispatch/middleware/reloader.rb:68:in `call'
c:/RailsInstaller/Ruby1.9.2/lib/ruby/gems/1.9.1/gems/rack-1.3.6/lib/rack/sendfile.rb:101:in `call'
c:/RailsInstaller/Ruby1.9.2/lib/ruby/gems/1.9.1/gems/actionpack-3.1.1/lib/action_dispatch/middleware/remote_ip.rb:48:in `call'
c:/RailsInstaller/Ruby1.9.2/lib/ruby/gems/1.9.1/gems/actionpack-3.1.1/lib/action_dispatch/middleware/show_exceptions.rb:47:in `call'
c:/RailsInstaller/Ruby1.9.2/lib/ruby/gems/1.9.1/gems/railties-3.1.1/lib/rails/rack/logger.rb:13:in `call'
c:/RailsInstaller/Ruby1.9.2/lib/ruby/gems/1.9.1/gems/rack-1.3.6/lib/rack/methodoverride.rb:24:in `call'
c:/RailsInstaller/Ruby1.9.2/lib/ruby/gems/1.9.1/gems/rack-1.3.6/lib/rack/runtime.rb:17:in `call'
c:/RailsInstaller/Ruby1.9.2/lib/ruby/gems/1.9.1/gems/activesupport-3.1.1/lib/active_support/cache/strategy/local_cache.rb:72:in `call'
c:/RailsInstaller/Ruby1.9.2/lib/ruby/gems/1.9.1/gems/rack-1.3.6/lib/rack/lock.rb:15:in `call'
c:/RailsInstaller/Ruby1.9.2/lib/ruby/gems/1.9.1/gems/actionpack-3.1.1/lib/action_dispatch/middleware/static.rb:53:in `call'
c:/RailsInstaller/Ruby1.9.2/lib/ruby/gems/1.9.1/gems/railties-3.1.1/lib/rails/engine.rb:456:in `call'
c:/RailsInstaller/Ruby1.9.2/lib/ruby/gems/1.9.1/gems/railties-3.1.1/lib/rails/rack/content_length.rb:16:in `call'
c:/RailsInstaller/Ruby1.9.2/lib/ruby/gems/1.9.1/gems/railties-3.1.1/lib/rails/rack/log_tailer.rb:14:in `call'
c:/RailsInstaller/Ruby1.9.2/lib/ruby/gems/1.9.1/gems/rack-1.3.6/lib/rack/handler/webrick.rb:59:in `service'
c:/RailsInstaller/Ruby1.9.2/lib/ruby/1.9.1/webrick/httpserver.rb:111:in `service'
c:/RailsInstaller/Ruby1.9.2/lib/ruby/1.9.1/webrick/httpserver.rb:70:in `run'
c:/RailsInstaller/Ruby1.9.2/lib/ruby/1.9.1/webrick/server.rb:183:in `block in start_thread'
Rendered products/_form.html.erb (2.0ms)
Rendered products/new.html.erb within layouts/application (6.0ms)
Completed 500 Internal Server Error in 20ms

ActionView::Template::Error (c:/Users/Mykal/Documents/cs446/src/depot/app/views/products/_form.html.erb:15: syntax error, unexpected ':'
...tput_buffer.append= ( f.label : title );@output_buffer.safe_...
...                               ^
c:/Users/Mykal/Documents/cs446/src/depot/app/views/products/_form.html.erb:16: syntax error, unexpected ':'
...buffer.append= ( f.text_field : title );@output_buffer.safe_...
...                               ^):
    12:   <% end %>
    13: 
    14:   <div class="field">
    15:     <%= f.label : title %><br />
    16:     <%= f.text_field : title %>
    17:   </div>
    18:   <div class="field">
  app/views/products/new.html.erb:3:in `_app_views_products_new_html_erb__151170739_34903464'
  app/controllers/products_controller.rb:29:in `new'

Rendered c:/RailsInstaller/Ruby1.9.2/lib/ruby/gems/1.9.1/gems/actionpack-3.1.1/lib/action_dispatch/middleware/templates/rescues/_trace.erb (2.0ms)
Rendered c:/RailsInstaller/Ruby1.9.2/lib/ruby/gems/1.9.1/gems/actionpack-3.1.1/lib/action_dispatch/middleware/templates/rescues/_request_and_response.erb (1.0ms)
Rendered c:/RailsInstaller/Ruby1.9.2/lib/ruby/gems/1.9.1/gems/actionpack-3.1.1/lib/action_dispatch/middleware/templates/rescues/template_error.erb within rescues/layout (12.0ms)


Started GET "/products/new" for 127.0.0.1 at 2012-01-31 22:10:34 -0700
  Processing by ProductsController#new as HTML
ERROR: compiling _app_views_products__form_html_erb___23444815_38367588 RAISED c:/Users/Mykal/Documents/cs446/src/depot/app/views/products/_form.html.erb:15: syntax error, unexpected ':'
...tput_buffer.append= ( f.label : title );@output_buffer.safe_...
...                               ^
Function body:           def _app_views_products__form_html_erb___23444815_38367588(local_assigns, output_buffer)
            _old_virtual_path, @virtual_path = @virtual_path, "products/_form";_old_output_buffer = @output_buffer;form = local_assigns[:form];;@output_buffer = output_buffer || ActionView::OutputBuffer.new;@output_buffer.append=  form_for(@product) do |f| @output_buffer.safe_concat('
');   if @product.errors.any? 
@output_buffer.safe_concat('    <div id="error_explanation">
      <h2>');@output_buffer.append= ( pluralize(@product.errors.count, "error") );@output_buffer.safe_concat(' prohibited this product from being saved:</h2>

      <ul>
');       @product.errors.full_messages.each do |msg| 
@output_buffer.safe_concat('        <li>');@output_buffer.append= ( msg );@output_buffer.safe_concat('</li>
');       end 
@output_buffer.safe_concat('      </ul>
    </div>
');   end 
@output_buffer.safe_concat('
  <div class="field">
    ');@output_buffer.append= ( f.label : title );@output_buffer.safe_concat('<br />
    ');@output_buffer.append= ( f.text_field :title );@output_buffer.safe_concat('
');@output_buffer.safe_concat('  </div>
  <div class="field">
    ');@output_buffer.append= ( f.label :description );@output_buffer.safe_concat('<br />
    ');@output_buffer.append= ( f.text_area :description, rows: 6 );@output_buffer.safe_concat('
');@output_buffer.safe_concat('  </div>
  <div class="field">
    ');@output_buffer.append= ( f.label :image_url );@output_buffer.safe_concat('<br />
    ');@output_buffer.append= ( f.text_field :image_url );@output_buffer.safe_concat('
');@output_buffer.safe_concat('  </div>
  <div class="field">
    ');@output_buffer.append= ( f.label :price );@output_buffer.safe_concat('<br />
    ');@output_buffer.append= ( f.text_field :price );@output_buffer.safe_concat('
');@output_buffer.safe_concat('  </div>
  <div class="actions">
    ');@output_buffer.append= ( f.submit );@output_buffer.safe_concat('
');@output_buffer.safe_concat('  </div>
'); end 
@output_buffer.to_s
          ensure
            @virtual_path, @output_buffer = _old_virtual_path, _old_output_buffer
          end
Backtrace: c:/RailsInstaller/Ruby1.9.2/lib/ruby/gems/1.9.1/gems/actionpack-3.1.1/lib/action_view/template.rb:282:in `module_eval'
c:/RailsInstaller/Ruby1.9.2/lib/ruby/gems/1.9.1/gems/actionpack-3.1.1/lib/action_view/template.rb:282:in `compile'
c:/RailsInstaller/Ruby1.9.2/lib/ruby/gems/1.9.1/gems/actionpack-3.1.1/lib/action_view/template.rb:190:in `compile!'
c:/RailsInstaller/Ruby1.9.2/lib/ruby/gems/1.9.1/gems/actionpack-3.1.1/lib/action_view/template.rb:143:in `block in render'
c:/RailsInstaller/Ruby1.9.2/lib/ruby/gems/1.9.1/gems/activesupport-3.1.1/lib/active_support/notifications.rb:55:in `instrument'
c:/RailsInstaller/Ruby1.9.2/lib/ruby/gems/1.9.1/gems/actionpack-3.1.1/lib/action_view/template.rb:142:in `render'
c:/RailsInstaller/Ruby1.9.2/lib/ruby/gems/1.9.1/gems/actionpack-3.1.1/lib/action_view/renderer/partial_renderer.rb:256:in `render_partial'
c:/RailsInstaller/Ruby1.9.2/lib/ruby/gems/1.9.1/gems/actionpack-3.1.1/lib/action_view/renderer/partial_renderer.rb:228:in `block (2 levels) in render'
c:/RailsInstaller/Ruby1.9.2/lib/ruby/gems/1.9.1/gems/actionpack-3.1.1/lib/action_view/renderer/abstract_renderer.rb:33:in `block in instrument'
c:/RailsInstaller/Ruby1.9.2/lib/ruby/gems/1.9.1/gems/activesupport-3.1.1/lib/active_support/notifications.rb:53:in `block in instrument'
c:/RailsInstaller/Ruby1.9.2/lib/ruby/gems/1.9.1/gems/activesupport-3.1.1/lib/active_support/notifications/instrumenter.rb:21:in `instrument'
c:/RailsInstaller/Ruby1.9.2/lib/ruby/gems/1.9.1/gems/activesupport-3.1.1/lib/active_support/notifications.rb:53:in `instrument'
c:/RailsInstaller/Ruby1.9.2/lib/ruby/gems/1.9.1/gems/actionpack-3.1.1/lib/action_view/renderer/abstract_renderer.rb:33:in `instrument'
c:/RailsInstaller/Ruby1.9.2/lib/ruby/gems/1.9.1/gems/actionpack-3.1.1/lib/action_view/renderer/partial_renderer.rb:227:in `block in render'
c:/RailsInstaller/Ruby1.9.2/lib/ruby/gems/1.9.1/gems/actionpack-3.1.1/lib/action_view/renderer/abstract_renderer.rb:22:in `wrap_formats'
c:/RailsInstaller/Ruby1.9.2/lib/ruby/gems/1.9.1/gems/actionpack-3.1.1/lib/action_view/renderer/partial_renderer.rb:219:in `render'
c:/RailsInstaller/Ruby1.9.2/lib/ruby/gems/1.9.1/gems/actionpack-3.1.1/lib/action_view/renderer/renderer.rb:41:in `render_partial'
c:/RailsInstaller/Ruby1.9.2/lib/ruby/gems/1.9.1/gems/actionpack-3.1.1/lib/action_view/helpers/rendering_helper.rb:27:in `render'
c:/Users/Mykal/Documents/cs446/src/depot/app/views/products/new.html.erb:3:in `_app_views_products_new_html_erb__151170739_34903464'
c:/RailsInstaller/Ruby1.9.2/lib/ruby/gems/1.9.1/gems/actionpack-3.1.1/lib/action_view/template.rb:144:in `block in render'
c:/RailsInstaller/Ruby1.9.2/lib/ruby/gems/1.9.1/gems/activesupport-3.1.1/lib/active_support/notifications.rb:55:in `instrument'
c:/RailsInstaller/Ruby1.9.2/lib/ruby/gems/1.9.1/gems/actionpack-3.1.1/lib/action_view/template.rb:142:in `render'
c:/RailsInstaller/Ruby1.9.2/lib/ruby/gems/1.9.1/gems/actionpack-3.1.1/lib/action_view/renderer/template_renderer.rb:40:in `block (2 levels) in render_template'
c:/RailsInstaller/Ruby1.9.2/lib/ruby/gems/1.9.1/gems/actionpack-3.1.1/lib/action_view/renderer/abstract_renderer.rb:33:in `block in instrument'
c:/RailsInstaller/Ruby1.9.2/lib/ruby/gems/1.9.1/gems/activesupport-3.1.1/lib/active_support/notifications.rb:53:in `block in instrument'
c:/RailsInstaller/Ruby1.9.2/lib/ruby/gems/1.9.1/gems/activesupport-3.1.1/lib/active_support/notifications/instrumenter.rb:21:in `instrument'
c:/RailsInstaller/Ruby1.9.2/lib/ruby/gems/1.9.1/gems/activesupport-3.1.1/lib/active_support/notifications.rb:53:in `instrument'
c:/RailsInstaller/Ruby1.9.2/lib/ruby/gems/1.9.1/gems/actionpack-3.1.1/lib/action_view/renderer/abstract_renderer.rb:33:in `instrument'
c:/RailsInstaller/Ruby1.9.2/lib/ruby/gems/1.9.1/gems/actionpack-3.1.1/lib/action_view/renderer/template_renderer.rb:39:in `block in render_template'
c:/RailsInstaller/Ruby1.9.2/lib/ruby/gems/1.9.1/gems/actionpack-3.1.1/lib/action_view/renderer/template_renderer.rb:47:in `render_with_layout'
c:/RailsInstaller/Ruby1.9.2/lib/ruby/gems/1.9.1/gems/actionpack-3.1.1/lib/action_view/renderer/template_renderer.rb:38:in `render_template'
c:/RailsInstaller/Ruby1.9.2/lib/ruby/gems/1.9.1/gems/actionpack-3.1.1/lib/action_view/renderer/template_renderer.rb:12:in `block in render'
c:/RailsInstaller/Ruby1.9.2/lib/ruby/gems/1.9.1/gems/actionpack-3.1.1/lib/action_view/renderer/abstract_renderer.rb:22:in `wrap_formats'
c:/RailsInstaller/Ruby1.9.2/lib/ruby/gems/1.9.1/gems/actionpack-3.1.1/lib/action_view/renderer/template_renderer.rb:9:in `render'
c:/RailsInstaller/Ruby1.9.2/lib/ruby/gems/1.9.1/gems/actionpack-3.1.1/lib/action_view/renderer/renderer.rb:36:in `render_template'
c:/RailsInstaller/Ruby1.9.2/lib/ruby/gems/1.9.1/gems/actionpack-3.1.1/lib/action_view/renderer/renderer.rb:17:in `render'
c:/RailsInstaller/Ruby1.9.2/lib/ruby/gems/1.9.1/gems/actionpack-3.1.1/lib/abstract_controller/rendering.rb:120:in `_render_template'
c:/RailsInstaller/Ruby1.9.2/lib/ruby/gems/1.9.1/gems/actionpack-3.1.1/lib/action_controller/metal/streaming.rb:250:in `_render_template'
c:/RailsInstaller/Ruby1.9.2/lib/ruby/gems/1.9.1/gems/actionpack-3.1.1/lib/abstract_controller/rendering.rb:114:in `render_to_body'
c:/RailsInstaller/Ruby1.9.2/lib/ruby/gems/1.9.1/gems/actionpack-3.1.1/lib/action_controller/metal/renderers.rb:30:in `render_to_body'
c:/RailsInstaller/Ruby1.9.2/lib/ruby/gems/1.9.1/gems/actionpack-3.1.1/lib/action_controller/metal/compatibility.rb:43:in `render_to_body'
c:/RailsInstaller/Ruby1.9.2/lib/ruby/gems/1.9.1/gems/actionpack-3.1.1/lib/abstract_controller/rendering.rb:99:in `render'
c:/RailsInstaller/Ruby1.9.2/lib/ruby/gems/1.9.1/gems/actionpack-3.1.1/lib/action_controller/metal/rendering.rb:16:in `render'
c:/RailsInstaller/Ruby1.9.2/lib/ruby/gems/1.9.1/gems/actionpack-3.1.1/lib/action_controller/metal/instrumentation.rb:40:in `block (2 levels) in render'
c:/RailsInstaller/Ruby1.9.2/lib/ruby/gems/1.9.1/gems/activesupport-3.1.1/lib/active_support/core_ext/benchmark.rb:5:in `block in ms'
c:/RailsInstaller/Ruby1.9.2/lib/ruby/1.9.1/benchmark.rb:310:in `realtime'
c:/RailsInstaller/Ruby1.9.2/lib/ruby/gems/1.9.1/gems/activesupport-3.1.1/lib/active_support/core_ext/benchmark.rb:5:in `ms'
c:/RailsInstaller/Ruby1.9.2/lib/ruby/gems/1.9.1/gems/actionpack-3.1.1/lib/action_controller/metal/instrumentation.rb:40:in `block in render'
c:/RailsInstaller/Ruby1.9.2/lib/ruby/gems/1.9.1/gems/actionpack-3.1.1/lib/action_controller/metal/instrumentation.rb:78:in `cleanup_view_runtime'
c:/RailsInstaller/Ruby1.9.2/lib/ruby/gems/1.9.1/gems/activerecord-3.1.1/lib/active_record/railties/controller_runtime.rb:24:in `cleanup_view_runtime'
c:/RailsInstaller/Ruby1.9.2/lib/ruby/gems/1.9.1/gems/actionpack-3.1.1/lib/action_controller/metal/instrumentation.rb:39:in `render'
c:/RailsInstaller/Ruby1.9.2/lib/ruby/gems/1.9.1/gems/actionpack-3.1.1/lib/action_controller/metal/implicit_render.rb:10:in `default_render'
c:/RailsInstaller/Ruby1.9.2/lib/ruby/gems/1.9.1/gems/actionpack-3.1.1/lib/action_controller/metal/mime_responds.rb:268:in `block in retrieve_response_from_mimes'
c:/RailsInstaller/Ruby1.9.2/lib/ruby/gems/1.9.1/gems/actionpack-3.1.1/lib/action_controller/metal/mime_responds.rb:195:in `call'
c:/RailsInstaller/Ruby1.9.2/lib/ruby/gems/1.9.1/gems/actionpack-3.1.1/lib/action_controller/metal/mime_responds.rb:195:in `respond_to'
c:/Users/Mykal/Documents/cs446/src/depot/app/controllers/products_controller.rb:29:in `new'
c:/RailsInstaller/Ruby1.9.2/lib/ruby/gems/1.9.1/gems/actionpack-3.1.1/lib/action_controller/metal/implicit_render.rb:4:in `send_action'
c:/RailsInstaller/Ruby1.9.2/lib/ruby/gems/1.9.1/gems/actionpack-3.1.1/lib/abstract_controller/base.rb:167:in `process_action'
c:/RailsInstaller/Ruby1.9.2/lib/ruby/gems/1.9.1/gems/actionpack-3.1.1/lib/action_controller/metal/rendering.rb:10:in `process_action'
c:/RailsInstaller/Ruby1.9.2/lib/ruby/gems/1.9.1/gems/actionpack-3.1.1/lib/abstract_controller/callbacks.rb:18:in `block in process_action'
c:/RailsInstaller/Ruby1.9.2/lib/ruby/gems/1.9.1/gems/activesupport-3.1.1/lib/active_support/callbacks.rb:416:in `_run__37298580__process_action__277626057__callbacks'
c:/RailsInstaller/Ruby1.9.2/lib/ruby/gems/1.9.1/gems/activesupport-3.1.1/lib/active_support/callbacks.rb:386:in `_run_process_action_callbacks'
c:/RailsInstaller/Ruby1.9.2/lib/ruby/gems/1.9.1/gems/activesupport-3.1.1/lib/active_support/callbacks.rb:81:in `run_callbacks'
c:/RailsInstaller/Ruby1.9.2/lib/ruby/gems/1.9.1/gems/actionpack-3.1.1/lib/abstract_controller/callbacks.rb:17:in `process_action'
c:/RailsInstaller/Ruby1.9.2/lib/ruby/gems/1.9.1/gems/actionpack-3.1.1/lib/action_controller/metal/rescue.rb:17:in `process_action'
c:/RailsInstaller/Ruby1.9.2/lib/ruby/gems/1.9.1/gems/actionpack-3.1.1/lib/action_controller/metal/instrumentation.rb:30:in `block in process_action'
c:/RailsInstaller/Ruby1.9.2/lib/ruby/gems/1.9.1/gems/activesupport-3.1.1/lib/active_support/notifications.rb:53:in `block in instrument'
c:/RailsInstaller/Ruby1.9.2/lib/ruby/gems/1.9.1/gems/activesupport-3.1.1/lib/active_support/notifications/instrumenter.rb:21:in `instrument'
c:/RailsInstaller/Ruby1.9.2/lib/ruby/gems/1.9.1/gems/activesupport-3.1.1/lib/active_support/notifications.rb:53:in `instrument'
c:/RailsInstaller/Ruby1.9.2/lib/ruby/gems/1.9.1/gems/actionpack-3.1.1/lib/action_controller/metal/instrumentation.rb:29:in `process_action'
c:/RailsInstaller/Ruby1.9.2/lib/ruby/gems/1.9.1/gems/actionpack-3.1.1/lib/action_controller/metal/params_wrapper.rb:201:in `process_action'
c:/RailsInstaller/Ruby1.9.2/lib/ruby/gems/1.9.1/gems/activerecord-3.1.1/lib/active_record/railties/controller_runtime.rb:18:in `process_action'
c:/RailsInstaller/Ruby1.9.2/lib/ruby/gems/1.9.1/gems/actionpack-3.1.1/lib/abstract_controller/base.rb:121:in `process'
c:/RailsInstaller/Ruby1.9.2/lib/ruby/gems/1.9.1/gems/actionpack-3.1.1/lib/abstract_controller/rendering.rb:45:in `process'
c:/RailsInstaller/Ruby1.9.2/lib/ruby/gems/1.9.1/gems/actionpack-3.1.1/lib/action_controller/metal.rb:193:in `dispatch'
c:/RailsInstaller/Ruby1.9.2/lib/ruby/gems/1.9.1/gems/actionpack-3.1.1/lib/action_controller/metal/rack_delegation.rb:14:in `dispatch'
c:/RailsInstaller/Ruby1.9.2/lib/ruby/gems/1.9.1/gems/actionpack-3.1.1/lib/action_controller/metal.rb:236:in `block in action'
c:/RailsInstaller/Ruby1.9.2/lib/ruby/gems/1.9.1/gems/actionpack-3.1.1/lib/action_dispatch/routing/route_set.rb:65:in `call'
c:/RailsInstaller/Ruby1.9.2/lib/ruby/gems/1.9.1/gems/actionpack-3.1.1/lib/action_dispatch/routing/route_set.rb:65:in `dispatch'
c:/RailsInstaller/Ruby1.9.2/lib/ruby/gems/1.9.1/gems/actionpack-3.1.1/lib/action_dispatch/routing/route_set.rb:29:in `call'
c:/RailsInstaller/Ruby1.9.2/lib/ruby/gems/1.9.1/gems/rack-mount-0.8.3/lib/rack/mount/route_set.rb:152:in `block in call'
c:/RailsInstaller/Ruby1.9.2/lib/ruby/gems/1.9.1/gems/rack-mount-0.8.3/lib/rack/mount/code_generation.rb:96:in `block in recognize'
c:/RailsInstaller/Ruby1.9.2/lib/ruby/gems/1.9.1/gems/rack-mount-0.8.3/lib/rack/mount/code_generation.rb:82:in `optimized_each'
c:/RailsInstaller/Ruby1.9.2/lib/ruby/gems/1.9.1/gems/rack-mount-0.8.3/lib/rack/mount/code_generation.rb:95:in `recognize'
c:/RailsInstaller/Ruby1.9.2/lib/ruby/gems/1.9.1/gems/rack-mount-0.8.3/lib/rack/mount/route_set.rb:141:in `call'
c:/RailsInstaller/Ruby1.9.2/lib/ruby/gems/1.9.1/gems/actionpack-3.1.1/lib/action_dispatch/routing/route_set.rb:532:in `call'
c:/RailsInstaller/Ruby1.9.2/lib/ruby/gems/1.9.1/gems/actionpack-3.1.1/lib/action_dispatch/middleware/best_standards_support.rb:17:in `call'
c:/RailsInstaller/Ruby1.9.2/lib/ruby/gems/1.9.1/gems/rack-1.3.6/lib/rack/etag.rb:23:in `call'
c:/RailsInstaller/Ruby1.9.2/lib/ruby/gems/1.9.1/gems/rack-1.3.6/lib/rack/conditionalget.rb:25:in `call'
c:/RailsInstaller/Ruby1.9.2/lib/ruby/gems/1.9.1/gems/actionpack-3.1.1/lib/action_dispatch/middleware/head.rb:14:in `call'
c:/RailsInstaller/Ruby1.9.2/lib/ruby/gems/1.9.1/gems/actionpack-3.1.1/lib/action_dispatch/middleware/params_parser.rb:21:in `call'
c:/RailsInstaller/Ruby1.9.2/lib/ruby/gems/1.9.1/gems/actionpack-3.1.1/lib/action_dispatch/middleware/flash.rb:243:in `call'
c:/RailsInstaller/Ruby1.9.2/lib/ruby/gems/1.9.1/gems/rack-1.3.6/lib/rack/session/abstract/id.rb:195:in `context'
c:/RailsInstaller/Ruby1.9.2/lib/ruby/gems/1.9.1/gems/rack-1.3.6/lib/rack/session/abstract/id.rb:190:in `call'
c:/RailsInstaller/Ruby1.9.2/lib/ruby/gems/1.9.1/gems/actionpack-3.1.1/lib/action_dispatch/middleware/cookies.rb:331:in `call'
c:/RailsInstaller/Ruby1.9.2/lib/ruby/gems/1.9.1/gems/activerecord-3.1.1/lib/active_record/query_cache.rb:62:in `call'
c:/RailsInstaller/Ruby1.9.2/lib/ruby/gems/1.9.1/gems/activerecord-3.1.1/lib/active_record/connection_adapters/abstract/connection_pool.rb:477:in `call'
c:/RailsInstaller/Ruby1.9.2/lib/ruby/gems/1.9.1/gems/actionpack-3.1.1/lib/action_dispatch/middleware/callbacks.rb:29:in `block in call'
c:/RailsInstaller/Ruby1.9.2/lib/ruby/gems/1.9.1/gems/activesupport-3.1.1/lib/active_support/callbacks.rb:392:in `_run_call_callbacks'
c:/RailsInstaller/Ruby1.9.2/lib/ruby/gems/1.9.1/gems/activesupport-3.1.1/lib/active_support/callbacks.rb:81:in `run_callbacks'
c:/RailsInstaller/Ruby1.9.2/lib/ruby/gems/1.9.1/gems/actionpack-3.1.1/lib/action_dispatch/middleware/callbacks.rb:28:in `call'
c:/RailsInstaller/Ruby1.9.2/lib/ruby/gems/1.9.1/gems/actionpack-3.1.1/lib/action_dispatch/middleware/reloader.rb:68:in `call'
c:/RailsInstaller/Ruby1.9.2/lib/ruby/gems/1.9.1/gems/rack-1.3.6/lib/rack/sendfile.rb:101:in `call'
c:/RailsInstaller/Ruby1.9.2/lib/ruby/gems/1.9.1/gems/actionpack-3.1.1/lib/action_dispatch/middleware/remote_ip.rb:48:in `call'
c:/RailsInstaller/Ruby1.9.2/lib/ruby/gems/1.9.1/gems/actionpack-3.1.1/lib/action_dispatch/middleware/show_exceptions.rb:47:in `call'
c:/RailsInstaller/Ruby1.9.2/lib/ruby/gems/1.9.1/gems/railties-3.1.1/lib/rails/rack/logger.rb:13:in `call'
c:/RailsInstaller/Ruby1.9.2/lib/ruby/gems/1.9.1/gems/rack-1.3.6/lib/rack/methodoverride.rb:24:in `call'
c:/RailsInstaller/Ruby1.9.2/lib/ruby/gems/1.9.1/gems/rack-1.3.6/lib/rack/runtime.rb:17:in `call'
c:/RailsInstaller/Ruby1.9.2/lib/ruby/gems/1.9.1/gems/activesupport-3.1.1/lib/active_support/cache/strategy/local_cache.rb:72:in `call'
c:/RailsInstaller/Ruby1.9.2/lib/ruby/gems/1.9.1/gems/rack-1.3.6/lib/rack/lock.rb:15:in `call'
c:/RailsInstaller/Ruby1.9.2/lib/ruby/gems/1.9.1/gems/actionpack-3.1.1/lib/action_dispatch/middleware/static.rb:53:in `call'
c:/RailsInstaller/Ruby1.9.2/lib/ruby/gems/1.9.1/gems/railties-3.1.1/lib/rails/engine.rb:456:in `call'
c:/RailsInstaller/Ruby1.9.2/lib/ruby/gems/1.9.1/gems/railties-3.1.1/lib/rails/rack/content_length.rb:16:in `call'
c:/RailsInstaller/Ruby1.9.2/lib/ruby/gems/1.9.1/gems/railties-3.1.1/lib/rails/rack/log_tailer.rb:14:in `call'
c:/RailsInstaller/Ruby1.9.2/lib/ruby/gems/1.9.1/gems/rack-1.3.6/lib/rack/handler/webrick.rb:59:in `service'
c:/RailsInstaller/Ruby1.9.2/lib/ruby/1.9.1/webrick/httpserver.rb:111:in `service'
c:/RailsInstaller/Ruby1.9.2/lib/ruby/1.9.1/webrick/httpserver.rb:70:in `run'
c:/RailsInstaller/Ruby1.9.2/lib/ruby/1.9.1/webrick/server.rb:183:in `block in start_thread'
Rendered products/_form.html.erb (2.0ms)
Rendered products/new.html.erb within layouts/application (5.0ms)
Completed 500 Internal Server Error in 19ms

ActionView::Template::Error (c:/Users/Mykal/Documents/cs446/src/depot/app/views/products/_form.html.erb:15: syntax error, unexpected ':'
...tput_buffer.append= ( f.label : title );@output_buffer.safe_...
...                               ^):
    12:   <% end %>
    13: 
    14:   <div class="field">
    15:     <%= f.label : title %><br />
    16:     <%= f.text_field :title %>
    17:   </div>
    18:   <div class="field">
  app/views/products/new.html.erb:3:in `_app_views_products_new_html_erb__151170739_34903464'
  app/controllers/products_controller.rb:29:in `new'

Rendered c:/RailsInstaller/Ruby1.9.2/lib/ruby/gems/1.9.1/gems/actionpack-3.1.1/lib/action_dispatch/middleware/templates/rescues/_trace.erb (2.0ms)
Rendered c:/RailsInstaller/Ruby1.9.2/lib/ruby/gems/1.9.1/gems/actionpack-3.1.1/lib/action_dispatch/middleware/templates/rescues/_request_and_response.erb (2.0ms)
Rendered c:/RailsInstaller/Ruby1.9.2/lib/ruby/gems/1.9.1/gems/actionpack-3.1.1/lib/action_dispatch/middleware/templates/rescues/template_error.erb within rescues/layout (13.0ms)


Started GET "/products/new" for 127.0.0.1 at 2012-01-31 22:10:56 -0700
  Processing by ProductsController#new as HTML
Rendered products/_form.html.erb (13.0ms)
Rendered products/new.html.erb within layouts/application (17.0ms)
Completed 200 OK in 36ms (Views: 35.0ms | ActiveRecord: 0.0ms)


Started GET "/assets/application.css?body=1" for 127.0.0.1 at 2012-01-31 22:10:56 -0700
Served asset /application.css - 304 Not Modified (1ms)


Started GET "/assets/products.css?body=1" for 127.0.0.1 at 2012-01-31 22:10:56 -0700
Served asset /products.css - 304 Not Modified (0ms)


Started GET "/assets/scaffolds.css?body=1" for 127.0.0.1 at 2012-01-31 22:10:56 -0700
Served asset /scaffolds.css - 304 Not Modified (0ms)


Started GET "/assets/products.js?body=1" for 127.0.0.1 at 2012-01-31 22:10:56 -0700
Served asset /products.js - 304 Not Modified (0ms)


Started GET "/assets/jquery.js?body=1" for 127.0.0.1 at 2012-01-31 22:10:56 -0700
Served asset /jquery.js - 304 Not Modified (0ms)


Started GET "/assets/application.js?body=1" for 127.0.0.1 at 2012-01-31 22:10:56 -0700
Served asset /application.js - 304 Not Modified (0ms)


Started GET "/assets/jquery_ujs.js?body=1" for 127.0.0.1 at 2012-01-31 22:10:56 -0700
Served asset /jquery_ujs.js - 304 Not Modified (1ms)


Started POST "/products" for 127.0.0.1 at 2012-01-31 22:14:39 -0700
  Processing by ProductsController#create as HTML
  Parameters: {"utf8"=>"✓", "authenticity_token"=>"dG89nWiGEJZejVUeT8ho9euPnEtShfjlK3LwkHYiJf8=", "product"=>{"title"=>"CoffeScipt", "description"=>"<p>CoffeScript is JavaScript done right. It provides all of JavaScript's functionality wrapped in a cleaner, more succinct syntax. In the first book on this exciting new language, CoffeScript guru Trevor Burnham shows you how to hold on to all of the power and flexibility of JavaScript while writing clearer, cleaner and safer code. </p? ", "image_url"=>"cs.jpg", "price"=>"36.00"}, "commit"=>"Create Product"}
  [1m[36mSQL (161.0ms)[0m  [1mINSERT INTO "products" ("created_at", "description", "image_url", "price", "title", "updated_at") VALUES (?, ?, ?, ?, ?, ?)[0m  [["created_at", Wed, 01 Feb 2012 05:14:39 UTC +00:00], ["description", "<p>CoffeScript is JavaScript done right. It provides all of JavaScript's functionality wrapped in a cleaner, more succinct syntax. In the first book on this exciting new language, CoffeScript guru Trevor Burnham shows you how to hold on to all of the power and flexibility of JavaScript while writing clearer, cleaner and safer code. </p? "], ["image_url", "cs.jpg"], ["price", #<BigDecimal:42cf5a0,'0.36E2',4(8)>], ["title", "CoffeScipt"], ["updated_at", Wed, 01 Feb 2012 05:14:39 UTC +00:00]]
Redirected to http://localhost:3000/products/1
Completed 302 Found in 177ms


Started GET "/products/1" for 127.0.0.1 at 2012-01-31 22:14:40 -0700
  Processing by ProductsController#show as HTML
  Parameters: {"id"=>"1"}
  [1m[35mProduct Load (1.0ms)[0m  SELECT "products".* FROM "products" WHERE "products"."id" = ? LIMIT 1  [["id", "1"]]
Rendered products/show.html.erb within layouts/application (9.0ms)
Completed 200 OK in 30ms (Views: 27.0ms | ActiveRecord: 2.0ms)


Started GET "/assets/application.css?body=1" for 127.0.0.1 at 2012-01-31 22:14:41 -0700
Served asset /application.css - 304 Not Modified (0ms)


Started GET "/assets/application.js?body=1" for 127.0.0.1 at 2012-01-31 22:14:41 -0700
Served asset /application.js - 304 Not Modified (0ms)


Started GET "/assets/products.css?body=1" for 127.0.0.1 at 2012-01-31 22:14:41 -0700
Served asset /products.css - 304 Not Modified (0ms)


Started GET "/assets/jquery.js?body=1" for 127.0.0.1 at 2012-01-31 22:14:41 -0700
Served asset /jquery.js - 304 Not Modified (0ms)


Started GET "/assets/products.js?body=1" for 127.0.0.1 at 2012-01-31 22:14:41 -0700
Served asset /products.js - 304 Not Modified (0ms)


Started GET "/assets/scaffolds.css?body=1" for 127.0.0.1 at 2012-01-31 22:14:41 -0700
Served asset /scaffolds.css - 304 Not Modified (0ms)


Started GET "/assets/jquery_ujs.js?body=1" for 127.0.0.1 at 2012-01-31 22:14:41 -0700
Served asset /jquery_ujs.js - 304 Not Modified (0ms)


Started GET "/products/1/edit" for 127.0.0.1 at 2012-01-31 22:14:54 -0700
  Processing by ProductsController#edit as HTML
  Parameters: {"id"=>"1"}
  [1m[36mProduct Load (0.0ms)[0m  [1mSELECT "products".* FROM "products" WHERE "products"."id" = ? LIMIT 1[0m  [["id", "1"]]
Rendered products/_form.html.erb (11.0ms)
Rendered products/edit.html.erb within layouts/application (16.0ms)
Completed 200 OK in 37ms (Views: 35.0ms | ActiveRecord: 2.0ms)


Started GET "/assets/products.css?body=1" for 127.0.0.1 at 2012-01-31 22:14:55 -0700
Served asset /products.css - 304 Not Modified (0ms)


Started GET "/assets/jquery.js?body=1" for 127.0.0.1 at 2012-01-31 22:14:55 -0700
Served asset /jquery.js - 304 Not Modified (3ms)


Started GET "/assets/products.js?body=1" for 127.0.0.1 at 2012-01-31 22:14:55 -0700
Served asset /products.js - 304 Not Modified (0ms)


Started GET "/assets/scaffolds.css?body=1" for 127.0.0.1 at 2012-01-31 22:14:55 -0700
Served asset /scaffolds.css - 304 Not Modified (0ms)


Started GET "/assets/application.css?body=1" for 127.0.0.1 at 2012-01-31 22:14:55 -0700
Served asset /application.css - 304 Not Modified (1ms)


Started GET "/assets/jquery_ujs.js?body=1" for 127.0.0.1 at 2012-01-31 22:14:55 -0700
Served asset /jquery_ujs.js - 304 Not Modified (0ms)


Started GET "/assets/application.js?body=1" for 127.0.0.1 at 2012-01-31 22:14:55 -0700
Served asset /application.js - 304 Not Modified (0ms)


Started PUT "/products/1" for 127.0.0.1 at 2012-01-31 22:15:05 -0700
  Processing by ProductsController#update as HTML
  Parameters: {"utf8"=>"✓", "authenticity_token"=>"dG89nWiGEJZejVUeT8ho9euPnEtShfjlK3LwkHYiJf8=", "product"=>{"title"=>"CoffeScipt", "description"=>"<p>CoffeScript is JavaScript done right. It provides all of JavaScript's functionality wrapped in a cleaner, more succinct syntax. In the first book on this exciting new language, CoffeScript guru Trevor Burnham shows you how to hold on to all of the power and flexibility of JavaScript while writing clearer, cleaner and safer code. </p> ", "image_url"=>"cs.jpg", "price"=>"36.00"}, "commit"=>"Update Product", "id"=>"1"}
  [1m[35mProduct Load (0.0ms)[0m  SELECT "products".* FROM "products" WHERE "products"."id" = ? LIMIT 1  [["id", "1"]]
  [1m[36m (1.0ms)[0m  [1mUPDATE "products" SET "description" = '<p>CoffeScript is JavaScript done right. It provides all of JavaScript''s functionality wrapped in a cleaner, more succinct syntax. In the first book on this exciting new language, CoffeScript guru Trevor Burnham shows you how to hold on to all of the power and flexibility of JavaScript while writing clearer, cleaner and safer code. </p> ', "updated_at" = '2012-02-01 05:15:05.416050' WHERE "products"."id" = 1[0m
Redirected to http://localhost:3000/products/1
Completed 302 Found in 19ms


Started GET "/products/1" for 127.0.0.1 at 2012-01-31 22:15:05 -0700
  Processing by ProductsController#show as HTML
  Parameters: {"id"=>"1"}
  [1m[35mProduct Load (1.0ms)[0m  SELECT "products".* FROM "products" WHERE "products"."id" = ? LIMIT 1  [["id", "1"]]
Rendered products/show.html.erb within layouts/application (8.0ms)
Completed 200 OK in 29ms (Views: 27.0ms | ActiveRecord: 2.0ms)


Started GET "/assets/scaffolds.css?body=1" for 127.0.0.1 at 2012-01-31 22:15:05 -0700
Served asset /scaffolds.css - 304 Not Modified (0ms)


Started GET "/assets/products.css?body=1" for 127.0.0.1 at 2012-01-31 22:15:05 -0700
Served asset /products.css - 304 Not Modified (1ms)


Started GET "/assets/application.js?body=1" for 127.0.0.1 at 2012-01-31 22:15:05 -0700
Served asset /application.js - 304 Not Modified (1ms)


Started GET "/assets/application.css?body=1" for 127.0.0.1 at 2012-01-31 22:15:05 -0700
Served asset /application.css - 304 Not Modified (0ms)


Started GET "/assets/products.js?body=1" for 127.0.0.1 at 2012-01-31 22:15:05 -0700
Served asset /products.js - 304 Not Modified (0ms)


Started GET "/assets/jquery_ujs.js?body=1" for 127.0.0.1 at 2012-01-31 22:15:05 -0700
Served asset /jquery_ujs.js - 304 Not Modified (0ms)


Started GET "/assets/jquery.js?body=1" for 127.0.0.1 at 2012-01-31 22:15:05 -0700
Served asset /jquery.js - 304 Not Modified (0ms)
  [1m[36m (0.0ms)[0m  [1mSELECT "schema_migrations"."version" FROM "schema_migrations" [0m
  [1m[35m (0.0ms)[0m  select sqlite_version(*)
  [1m[36m (4.0ms)[0m  [1mCREATE TABLE "products" ("id" INTEGER PRIMARY KEY AUTOINCREMENT NOT NULL, "title" varchar(255), "description" text, "image_url" varchar(255), "price" decimal(8,2), "created_at" datetime, "updated_at" datetime) [0m
  [1m[35m (4.0ms)[0m  CREATE TABLE "schema_migrations" ("version" varchar(255) NOT NULL) 
  [1m[36m (0.0ms)[0m  [1mPRAGMA index_list("schema_migrations")[0m
  [1m[35m (4.0ms)[0m  CREATE UNIQUE INDEX "unique_schema_migrations" ON "schema_migrations" ("version")
  [1m[36m (0.0ms)[0m  [1mSELECT version FROM "schema_migrations"[0m
  [1m[35m (3.0ms)[0m  INSERT INTO "schema_migrations" (version) VALUES ('20120129200234')
  [1m[36m (1.0ms)[0m  [1mSELECT "schema_migrations"."version" FROM "schema_migrations" [0m
  [1m[35m (1.0ms)[0m  select sqlite_version(*)
  [1m[36m (4.0ms)[0m  [1mCREATE TABLE "products" ("id" INTEGER PRIMARY KEY AUTOINCREMENT NOT NULL, "title" varchar(255), "description" text, "image_url" varchar(255), "price" decimal(8,2), "created_at" datetime, "updated_at" datetime) [0m
  [1m[35m (4.0ms)[0m  CREATE TABLE "schema_migrations" ("version" varchar(255) NOT NULL) 
  [1m[36m (0.0ms)[0m  [1mPRAGMA index_list("schema_migrations")[0m
  [1m[35m (4.0ms)[0m  CREATE UNIQUE INDEX "unique_schema_migrations" ON "schema_migrations" ("version")
  [1m[36m (0.0ms)[0m  [1mSELECT version FROM "schema_migrations"[0m
  [1m[35m (3.0ms)[0m  INSERT INTO "schema_migrations" (version) VALUES ('20120129200234')


Started GET "/products/1/edit" for 127.0.0.1 at 2012-01-31 22:35:30 -0700
  Processing by ProductsController#edit as HTML
  Parameters: {"id"=>"1"}
  [1m[36mProduct Load (0.0ms)[0m  [1mSELECT "products".* FROM "products" WHERE "products"."id" = ? LIMIT 1[0m  [["id", "1"]]
Rendered products/_form.html.erb (13.0ms)
Rendered products/edit.html.erb within layouts/application (186.0ms)
Completed 200 OK in 516ms (Views: 512.0ms | ActiveRecord: 1.0ms)


Started GET "/assets/application.css?body=1" for 127.0.0.1 at 2012-01-31 22:35:40 -0700
Served asset /application.css - 304 Not Modified (0ms)


Started GET "/assets/scaffolds.css?body=1" for 127.0.0.1 at 2012-01-31 22:35:40 -0700
Served asset /scaffolds.css - 304 Not Modified (4ms)


Started GET "/assets/products.css?body=1" for 127.0.0.1 at 2012-01-31 22:35:40 -0700
Served asset /products.css - 304 Not Modified (3ms)


Started GET "/assets/application.js?body=1" for 127.0.0.1 at 2012-01-31 22:35:40 -0700
Served asset /application.js - 304 Not Modified (1ms)


Started GET "/assets/jquery_ujs.js?body=1" for 127.0.0.1 at 2012-01-31 22:35:40 -0700
Served asset /jquery_ujs.js - 304 Not Modified (5ms)


Started GET "/assets/products.js?body=1" for 127.0.0.1 at 2012-01-31 22:35:40 -0700
Served asset /products.js - 304 Not Modified (3ms)


Started GET "/assets/jquery.js?body=1" for 127.0.0.1 at 2012-01-31 22:35:40 -0700
Served asset /jquery.js - 304 Not Modified (6ms)


Started PUT "/products/1" for 127.0.0.1 at 2012-01-31 22:36:07 -0700
  Processing by ProductsController#update as HTML
  Parameters: {"utf8"=>"✓", "authenticity_token"=>"dG89nWiGEJZejVUeT8ho9euPnEtShfjlK3LwkHYiJf8=", "product"=>{"title"=>"CoffeScript", "description"=>"<p>CoffeScript is JavaScript done right. It provides all of JavaScript's functionality wrapped in a cleaner, more succinct syntax. In the first book on this exciting new language, CoffeScript guru Trevor Burnham shows you how to hold on to all of the power and flexibility of JavaScript while writing clearer, cleaner and safer code. </p> ", "image_url"=>"cs.jpg", "price"=>"36.00"}, "commit"=>"Update Product", "id"=>"1"}
  [1m[35mProduct Load (0.0ms)[0m  SELECT "products".* FROM "products" WHERE "products"."id" = ? LIMIT 1  [["id", "1"]]
  [1m[36m (1.0ms)[0m  [1mUPDATE "products" SET "title" = 'CoffeScript', "updated_at" = '2012-02-01 05:36:07.544240' WHERE "products"."id" = 1[0m
Redirected to http://localhost:3000/products/1
Completed 302 Found in 186ms


Started GET "/products/1" for 127.0.0.1 at 2012-01-31 22:36:07 -0700
  Processing by ProductsController#show as HTML
  Parameters: {"id"=>"1"}
  [1m[35mProduct Load (1.0ms)[0m  SELECT "products".* FROM "products" WHERE "products"."id" = ? LIMIT 1  [["id", "1"]]
Rendered products/show.html.erb within layouts/application (9.0ms)
Completed 200 OK in 31ms (Views: 28.0ms | ActiveRecord: 1.0ms)


Started GET "/assets/scaffolds.css?body=1" for 127.0.0.1 at 2012-01-31 22:36:07 -0700
Served asset /scaffolds.css - 304 Not Modified (0ms)


Started GET "/assets/jquery.js?body=1" for 127.0.0.1 at 2012-01-31 22:36:07 -0700
Served asset /jquery.js - 304 Not Modified (0ms)


Started GET "/assets/products.css?body=1" for 127.0.0.1 at 2012-01-31 22:36:07 -0700
Served asset /products.css - 304 Not Modified (0ms)


Started GET "/assets/jquery_ujs.js?body=1" for 127.0.0.1 at 2012-01-31 22:36:07 -0700
Served asset /jquery_ujs.js - 304 Not Modified (0ms)


Started GET "/assets/application.css?body=1" for 127.0.0.1 at 2012-01-31 22:36:07 -0700
Served asset /application.css - 304 Not Modified (0ms)


Started GET "/assets/products.js?body=1" for 127.0.0.1 at 2012-01-31 22:36:07 -0700
Served asset /products.js - 304 Not Modified (0ms)


Started GET "/assets/application.js?body=1" for 127.0.0.1 at 2012-01-31 22:36:07 -0700
Served asset /application.js - 304 Not Modified (1ms)
  [1m[36m (0.0ms)[0m  [1mSELECT "schema_migrations"."version" FROM "schema_migrations" [0m
